import logging

logging.basicConfig(filename='logs/app.log', level=logging.INFO)

logging.info('This is an info message')
logging.error('This is an error message')
2024-08-24 13:45:55 - INFO - 开始监控操作触发
2024-08-24 13:45:56 - INFO - 停止监控操作触发
2024-08-24 13:45:58 - INFO - 尝试提前登录主账号: 
2024-08-24 13:45:59 - INFO - 关闭浏览器操作触发
2024-08-24 13:46:00 - INFO - 保存cookie操作触发
2024-08-24 13:46:00 - INFO - 查询ck数量操作触发
2024-08-24 13:46:06 - INFO - 开始监控操作触发
2024-08-24 13:46:06 - INFO - 停止监控操作触发
2024-08-24 13:46:07 - INFO - 尝试提前登录主账号: 
2024-08-24 13:46:08 - INFO - 关闭浏览器操作触发
2024-08-24 13:59:42 - INFO - Starting the registration process.
2024-08-24 14:10:22 - INFO - Starting the registration process.
2024-08-24 14:25:11 - INFO - Starting the registration process.
2024-08-24 14:25:13 - INFO - Email and password filled.
2024-08-24 14:25:13 - INFO - Registration checkbox selected.
2024-08-24 14:25:13 - INFO - Registration button clicked.
2024-08-24 14:25:26 - ERROR - An error occurred during registration: Message: 

2024-08-24 14:26:47 - INFO - Starting the registration process.
2024-08-24 14:26:51 - INFO - Email and password filled.
2024-08-24 14:26:51 - INFO - Registration checkbox selected.
2024-08-24 14:26:51 - INFO - Registration button clicked.
2024-08-24 14:27:05 - ERROR - An error occurred during registration: Message: 

2024-08-24 14:27:47 - INFO - Browser closed after registration.
2024-08-24 14:29:33 - INFO - Starting the registration process.
2024-08-24 14:29:38 - INFO - Email and password filled.
2024-08-24 14:29:38 - INFO - Registration checkbox selected.
2024-08-24 14:29:41 - INFO - Registration button clicked.
2024-08-24 14:29:44 - INFO - Verification code entered successfully.
2024-08-24 14:35:56 - INFO - 启动监听线程...
2024-08-24 14:35:56 - INFO - 线程 2 正在运行...
2024-08-24 14:35:56 - INFO - 线程 1 正在运行...
2024-08-24 14:35:57 - INFO - 启动监听线程...
2024-08-24 14:35:57 - INFO - 线程 1 正在运行...
2024-08-24 14:35:57 - INFO - 线程 2 正在运行...
2024-08-24 14:35:58 - INFO - 启动监听线程...
2024-08-24 14:35:58 - INFO - 线程 1 正在运行...
2024-08-24 14:35:58 - INFO - 线程 2 正在运行...
2024-08-24 14:36:01 - INFO - 线程 2 已完成任务
2024-08-24 14:36:01 - INFO - 线程 1 已完成任务
2024-08-24 14:36:02 - INFO - 线程 1 已完成任务
2024-08-24 14:36:02 - INFO - 线程 2 已完成任务
2024-08-24 14:36:03 - INFO - 线程 2 已完成任务
2024-08-24 14:36:03 - INFO - 线程 1 已完成任务
2024-08-24 14:36:10 - INFO - 启动监听线程...
2024-08-24 14:36:10 - INFO - 线程 1 正在运行...
2024-08-24 14:36:10 - INFO - 线程 2 正在运行...
2024-08-24 14:36:15 - INFO - 线程 1 已完成任务
2024-08-24 14:36:15 - INFO - 线程 2 已完成任务
2024-08-24 14:41:48 - INFO - 启动监听线程...
2024-08-24 14:41:48 - INFO - 线程 1 正在运行...
2024-08-24 14:41:48 - INFO - 线程 2 正在运行...
2024-08-24 14:41:49 - INFO - 启动监听线程...
2024-08-24 14:41:49 - INFO - 线程 2 正在运行...
2024-08-24 14:41:49 - INFO - 线程 1 正在运行...
2024-08-24 14:43:05 - INFO - 导入了 2 个账号
2024-08-24 14:43:10 - INFO - 导入了 2 个代理
2024-08-24 14:43:15 - INFO - 导入了 2 个商品链接
2024-08-24 14:46:51 - INFO - 加载账号配置文件时出错: [Errno 2] No such file or directory: 'app/config/accounts.json'
2024-08-24 14:46:51 - INFO - 加载代理配置文件时出错: [Errno 2] No such file or directory: 'app/config/proxies.json'
2024-08-24 14:46:51 - INFO - 加载商品链接配置文件时出错: [Errno 2] No such file or directory: 'app/config/links.json'
2024-08-24 14:47:21 - INFO - 加载账号配置文件时出错: [Errno 2] No such file or directory: 'app/config/accounts.json'
2024-08-24 14:47:21 - INFO - 加载代理配置文件时出错: [Errno 2] No such file or directory: 'app/config/proxies.json'
2024-08-24 14:47:21 - INFO - 加载商品链接配置文件时出错: [Errno 2] No such file or directory: 'app/config/links.json'
2024-08-24 14:51:06 - INFO - 加载账号配置文件时出错: [Errno 2] No such file or directory: 'E:\\Projects\\Idea\\python\\automation_app\\app/config\\accounts.json'
2024-08-24 14:51:06 - INFO - 加载代理配置文件时出错: [Errno 2] No such file or directory: 'E:\\Projects\\Idea\\python\\automation_app\\app/config\\proxies.json'
2024-08-24 14:51:06 - INFO - 加载商品链接配置文件时出错: [Errno 2] No such file or directory: 'E:\\Projects\\Idea\\python\\automation_app\\app/config\\links.json'
2024-08-24 14:51:36 - INFO - 加载账号配置文件时出错: [Errno 2] No such file or directory: 'E:\\Projects\\Idea\\python\\automation_app\\app\\config\\accounts.json'
2024-08-24 14:51:36 - INFO - 加载代理配置文件时出错: [Errno 2] No such file or directory: 'E:\\Projects\\Idea\\python\\automation_app\\app\\config\\proxies.json'
2024-08-24 14:51:36 - INFO - 加载商品链接配置文件时出错: [Errno 2] No such file or directory: 'E:\\Projects\\Idea\\python\\automation_app\\app\\config\\links.json'
2024-08-24 14:54:16 - INFO - 加载账号配置文件时出错: [Errno 2] No such file or directory: 'E:/Projects/Idea/python/automation_app/app/config/accounts.json'
2024-08-24 14:54:16 - INFO - 加载代理配置文件时出错: [Errno 2] No such file or directory: 'E:/Projects/Idea/python/automation_app/app/config/proxies.json'
2024-08-24 14:54:16 - INFO - 加载商品链接配置文件时出错: [Errno 2] No such file or directory: 'E:/Projects/Idea/python/automation_app/app/config/links.json'
2024-08-24 14:56:04 - INFO - 加载账号配置文件时出错: [Errno 2] No such file or directory: 'E:\\Projects\\Idea\\python\\automation_app\\app\\config\\accounts.json'
2024-08-24 14:56:04 - INFO - 加载代理配置文件时出错: [Errno 2] No such file or directory: 'E:\\Projects\\Idea\\python\\automation_app\\app\\config\\proxies.json'
2024-08-24 14:56:04 - INFO - 加载商品链接配置文件时出错: [Errno 2] No such file or directory: 'E:\\Projects\\Idea\\python\\automation_app\\app\\config\\links.json'
2024-08-24 14:56:27 - INFO - 加载账号配置文件时出错: [Errno 2] No such file or directory: 'E:\\Projects\\Idea\\python\\automation_app\\app\\config\\accounts.json'
2024-08-24 14:56:27 - INFO - 加载代理配置文件时出错: [Errno 2] No such file or directory: 'E:\\Projects\\Idea\\python\\automation_app\\app\\config\\proxies.json'
2024-08-24 14:56:27 - INFO - 加载商品链接配置文件时出错: [Errno 2] No such file or directory: 'E:\\Projects\\Idea\\python\\automation_app\\app\\config\\links.json'
2024-08-24 14:56:42 - INFO - 加载账号配置文件时出错: [Errno 2] No such file or directory: 'E:\\Projects\\Idea\\python\\automation_app\\app\\config\\accounts.json'
2024-08-24 14:56:42 - INFO - 加载代理配置文件时出错: [Errno 2] No such file or directory: 'E:\\Projects\\Idea\\python\\automation_app\\app\\config\\proxies.json'
2024-08-24 14:56:42 - INFO - 加载商品链接配置文件时出错: [Errno 2] No such file or directory: 'E:\\Projects\\Idea\\python\\automation_app\\app\\config\\links.json'
2024-08-24 14:58:31 - INFO - 自动加载了 2 个账号
2024-08-24 14:58:31 - INFO - 自动加载了 2 个代理
2024-08-24 14:58:31 - INFO - 自动加载了 2 个商品链接
2024-08-24 14:58:49 - INFO - 自动加载了 2 个账号
2024-08-24 14:58:49 - INFO - 自动加载了 2 个代理
2024-08-24 14:58:49 - INFO - 自动加载了 2 个商品链接
2024-08-24 14:59:04 - INFO - 自动加载了 2 个账号
2024-08-24 14:59:04 - INFO - 自动加载了 2 个代理
2024-08-24 14:59:04 - INFO - 自动加载了 2 个商品链接
2024-08-24 14:59:29 - INFO - 自动加载了 2 个账号
2024-08-24 14:59:29 - INFO - 自动加载了 2 个代理
2024-08-24 14:59:29 - INFO - 自动加载了 2 个商品链接
2024-08-24 14:59:39 - INFO - 修改了表格中的一行
2024-08-24 14:59:44 - INFO - 修改了表格中的一行
2024-08-24 14:59:47 - INFO - 修改了表格中的一行
2024-08-24 14:59:51 - INFO - 修改了表格中的一行
2024-08-24 14:59:55 - INFO - 修改了表格中的一行
2024-08-24 15:01:46 - INFO - 自动加载了 2 个账号
2024-08-24 15:01:46 - INFO - 自动加载了 2 个代理
2024-08-24 15:01:46 - INFO - 自动加载了 2 个商品链接
2024-08-24 15:01:53 - INFO - 修改了表格中的一个单元格
2024-08-24 15:01:57 - INFO - 修改了表格中的一个单元格
2024-08-24 15:02:01 - INFO - 修改了表格中的一个单元格
2024-08-24 15:03:50 - INFO - 自动加载了 2 个账号
2024-08-24 15:03:50 - INFO - 自动加载了 2 个代理
2024-08-24 15:03:50 - INFO - 自动加载了 2 个商品链接
2024-08-24 15:03:56 - INFO - 账号配置文件已保存
2024-08-24 15:03:56 - INFO - 代理配置文件已保存
2024-08-24 15:03:56 - INFO - 商品链接配置文件已保存
2024-08-24 15:03:56 - INFO - 修改了表格中的一个单元格并已保存
2024-08-24 15:04:03 - INFO - 自动加载了 2 个账号
2024-08-24 15:04:03 - INFO - 自动加载了 2 个代理
2024-08-24 15:04:03 - INFO - 自动加载了 2 个商品链接
2024-08-24 15:04:24 - INFO - 自动加载了 2 个账号
2024-08-24 15:04:24 - INFO - 自动加载了 2 个代理
2024-08-24 15:04:24 - INFO - 自动加载了 2 个商品链接
2024-08-24 15:11:17 - INFO - 自动加载了 2 个账号
2024-08-24 15:11:17 - INFO - 自动加载了 2 个代理
2024-08-24 15:11:17 - INFO - 自动加载了 2 个商品链接
2024-08-24 15:11:32 - INFO - 账号配置文件已保存
2024-08-24 15:11:32 - INFO - 代理配置文件已保存
2024-08-24 15:11:32 - INFO - 商品链接配置文件已保存
2024-08-24 15:11:32 - INFO - 修改了表格中的一个单元格并已保存
2024-08-24 15:11:45 - INFO - 账号配置文件已保存
2024-08-24 15:11:45 - INFO - 代理配置文件已保存
2024-08-24 15:11:45 - INFO - 商品链接配置文件已保存
2024-08-24 15:11:45 - INFO - 修改了表格中的一个单元格并已保存
2024-08-24 15:11:58 - INFO - 账号配置文件已保存
2024-08-24 15:11:58 - INFO - 代理配置文件已保存
2024-08-24 15:11:58 - INFO - 商品链接配置文件已保存
2024-08-24 15:11:58 - INFO - 修改了表格中的一个单元格并已保存
2024-08-24 15:12:04 - INFO - 账号配置文件已保存
2024-08-24 15:12:04 - INFO - 代理配置文件已保存
2024-08-24 15:12:04 - INFO - 商品链接配置文件已保存
2024-08-24 15:12:04 - INFO - 修改了表格中的一个单元格并已保存
2024-08-24 15:21:33 - INFO - 自动加载了 2 个账号
2024-08-24 15:21:33 - INFO - 自动加载了 2 个代理
2024-08-24 15:21:33 - INFO - 自动加载了 2 个商品链接
2024-08-24 15:21:54 - INFO - 启动监听线程...
2024-08-24 15:22:12 - INFO - 自动加载了 2 个账号
2024-08-24 15:22:12 - INFO - 自动加载了 2 个代理
2024-08-24 15:22:12 - INFO - 自动加载了 2 个商品链接
2024-08-24 15:22:15 - INFO - 启动监听线程...
2024-08-24 15:26:08 - INFO - 自动加载了 2 个账号
2024-08-24 15:26:08 - INFO - 自动加载了 2 个代理
2024-08-24 15:26:08 - INFO - 自动加载了 2 个商品链接
2024-08-24 15:26:11 - INFO - 启动监听线程...
2024-08-24 15:26:17 - INFO - 自动加载了 2 个账号
2024-08-24 15:26:17 - INFO - 自动加载了 2 个代理
2024-08-24 15:26:17 - INFO - 自动加载了 2 个商品链接
2024-08-24 15:26:19 - INFO - 注册线程启动...
2024-08-24 15:26:19 - INFO - 找到 2 个未注册账号
2024-08-24 15:26:21 - INFO - 账号 user2@example.com 注册成功
2024-08-24 15:26:21 - INFO - 账号 user1@example.com 注册成功
2024-08-24 15:26:21 - INFO - 所有账号注册完成
2024-08-24 15:27:48 - INFO - 启动监听线程...
2024-08-24 15:28:22 - INFO - 自动加载了 2 个账号
2024-08-24 15:28:22 - INFO - 自动加载了 2 个代理
2024-08-24 15:28:22 - INFO - 自动加载了 2 个商品链接
2024-08-24 15:46:43 - INFO - 注册线程启动...
2024-08-24 15:46:43 - INFO - 找到 2 个未注册账号
2024-08-24 15:46:45 - INFO - 账号 user2@example.com 注册成功
2024-08-24 15:46:45 - INFO - 账号 user1@example.com 注册成功
2024-08-24 15:46:45 - INFO - 所有账号注册完成
2024-08-24 15:51:17 - INFO - 自动加载了 2 个账号
2024-08-24 15:51:17 - INFO - 自动加载了 2 个代理
2024-08-24 15:51:17 - INFO - 自动加载了 2 个商品链接
2024-08-24 15:51:39 - INFO - 注册线程启动...
2024-08-24 15:51:39 - INFO - 找到 2 个未注册账号
2024-08-24 15:51:41 - INFO - 账号 user2@example.com 注册成功
2024-08-24 15:51:41 - INFO - 账号 user1@example.com 注册成功
2024-08-24 15:51:41 - INFO - 所有账号注册完成
2024-08-24 15:56:20 - INFO - 自动加载了 2 个账号
2024-08-24 15:56:20 - INFO - 自动加载了 2 个代理
2024-08-24 15:56:20 - INFO - 自动加载了 2 个商品链接
2024-08-24 15:56:24 - INFO - 注册线程启动...
2024-08-24 15:56:24 - INFO - 找到 2 个未注册账号
2024-08-24 15:56:26 - INFO - 账号 user2@example.com 注册成功
2024-08-24 15:56:26 - INFO - 用户信息配置文件已更新
2024-08-24 15:56:26 - INFO - 账号 user1@example.com 注册成功
2024-08-24 15:56:26 - INFO - 用户信息配置文件已更新
2024-08-24 15:56:26 - INFO - 所有账号注册完成
2024-08-24 15:56:26 - INFO - 用户信息配置文件已更新
2024-08-24 15:56:36 - INFO - 自动加载了 2 个账号
2024-08-24 15:56:36 - INFO - 自动加载了 2 个代理
2024-08-24 15:56:36 - INFO - 自动加载了 2 个商品链接
2024-08-24 15:56:38 - INFO - 注册线程启动...
2024-08-24 15:56:38 - INFO - 找到 0 个未注册账号
2024-08-24 15:56:38 - INFO - 所有账号注册完成
2024-08-24 15:56:38 - INFO - 用户信息配置文件已更新
2024-08-24 15:59:46 - INFO - 自动加载了 2 个账号
2024-08-24 15:59:46 - INFO - 自动加载了 2 个代理
2024-08-24 15:59:46 - INFO - 自动加载了 2 个商品链接
2024-08-24 16:00:45 - INFO - 自动加载了 5 个账号
2024-08-24 16:00:45 - INFO - 自动加载了 2 个代理
2024-08-24 16:00:45 - INFO - 自动加载了 2 个商品链接
2024-08-24 16:00:49 - INFO - 注册线程启动...
2024-08-24 16:00:49 - INFO - 找到 5 个未注册账号
2024-08-24 16:00:51 - INFO - 账号 user5@example.com 注册成功
2024-08-24 16:00:51 - INFO - 用户信息配置文件已更新
2024-08-24 16:00:51 - INFO - 账号 user4@example.com 注册成功
2024-08-24 16:00:51 - INFO - 账号 user1@example.com 注册成功
2024-08-24 16:00:51 - INFO - 用户信息配置文件已更新
2024-08-24 16:00:51 - INFO - 账号 user3@example.com 注册成功
2024-08-24 16:00:51 - INFO - 加载账号配置文件时出错: Expecting value: line 1 column 1 (char 0)
2024-08-24 16:00:51 - INFO - 用户信息配置文件已更新
2024-08-24 16:00:51 - INFO - 账号 user2@example.com 注册成功
2024-08-24 16:00:51 - INFO - 用户信息配置文件已更新
2024-08-24 16:00:51 - INFO - 自动加载了 2 个代理
2024-08-24 16:00:51 - INFO - 用户信息配置文件已更新
2024-08-24 16:00:51 - INFO - 所有账号注册完成
2024-08-24 16:00:51 - INFO - 自动加载了 2 个商品链接
2024-08-24 16:00:51 - INFO - 用户信息配置文件已更新
2024-08-24 16:00:51 - INFO - 自动加载了 5 个账号
2024-08-24 16:00:51 - INFO - 自动加载了 2 个代理
2024-08-24 16:00:51 - INFO - 自动加载了 2 个商品链接
2024-08-24 16:00:51 - INFO - 自动加载了 5 个账号
2024-08-24 16:00:51 - INFO - 自动加载了 2 个代理
2024-08-24 16:00:51 - INFO - 自动加载了 2 个商品链接
2024-08-24 16:00:51 - INFO - 自动加载了 5 个账号
2024-08-24 16:00:51 - INFO - 自动加载了 2 个代理
2024-08-24 16:00:51 - INFO - 自动加载了 2 个商品链接
2024-08-24 16:00:51 - INFO - 自动加载了 5 个账号
2024-08-24 16:00:51 - INFO - 自动加载了 2 个代理
2024-08-24 16:00:51 - INFO - 自动加载了 2 个商品链接
2024-08-24 16:00:51 - INFO - 自动加载了 5 个账号
2024-08-24 16:00:51 - INFO - 自动加载了 2 个代理
2024-08-24 16:00:51 - INFO - 自动加载了 2 个商品链接
2024-08-24 16:08:11 - INFO - 自动加载了 5 个账号
2024-08-24 16:08:11 - INFO - 自动加载了 2 个代理
2024-08-24 16:08:11 - INFO - 自动加载了 2 个商品链接
2024-08-24 16:08:35 - INFO - 自动加载了 5 个账号
2024-08-24 16:08:35 - INFO - 自动加载了 2 个代理
2024-08-24 16:08:35 - INFO - 自动加载了 2 个商品链接
2024-08-24 16:08:39 - INFO - 注册线程启动...
2024-08-24 16:08:39 - INFO - 找到 5 个未注册账号
2024-08-24 16:08:41 - INFO - 账号 user1@example.com 注册成功
2024-08-24 16:08:41 - INFO - 账号 user2@example.com 注册成功
2024-08-24 16:08:41 - INFO - 账号 user3@example.com 注册成功
2024-08-24 16:08:41 - INFO - 账号 user4@example.com 注册成功
2024-08-24 16:08:41 - INFO - 账号 user5@example.com 注册成功
2024-08-24 16:08:41 - INFO - 所有账号注册完成
2024-08-24 16:10:21 - INFO - 自动加载了 5 个账号
2024-08-24 16:10:21 - INFO - 自动加载了 2 个代理
2024-08-24 16:10:21 - INFO - 自动加载了 2 个商品链接
2024-08-24 16:10:27 - INFO - 注册线程启动...
2024-08-24 16:10:27 - INFO - 找到 5 个未注册账号
2024-08-24 16:10:29 - INFO - 账号 user2@example.com 注册成功
2024-08-24 16:10:29 - INFO - 账号 user1@example.com 注册成功
2024-08-24 16:10:29 - INFO - 账号 user4@example.com 注册成功
2024-08-24 16:10:29 - INFO - 账号配置文件已保存
2024-08-24 16:10:29 - INFO - 代理配置文件已保存
2024-08-24 16:10:29 - INFO - 账号 user3@example.com 注册成功
2024-08-24 16:10:29 - INFO - 账号 user5@example.com 注册成功
2024-08-24 16:10:29 - INFO - 商品链接配置文件已保存
2024-08-24 16:10:29 - INFO - 所有账号注册完成
2024-08-24 16:10:29 - INFO - 账号配置文件已保存
2024-08-24 16:10:29 - INFO - 代理配置文件已保存
2024-08-24 16:10:29 - INFO - 商品链接配置文件已保存
2024-08-24 16:10:29 - INFO - 账号配置文件已保存
2024-08-24 16:10:29 - INFO - 代理配置文件已保存
2024-08-24 16:10:29 - INFO - 商品链接配置文件已保存
2024-08-24 16:10:29 - INFO - 账号配置文件已保存
2024-08-24 16:10:29 - INFO - 代理配置文件已保存
2024-08-24 16:10:29 - INFO - 商品链接配置文件已保存
2024-08-24 16:10:29 - INFO - 账号配置文件已保存
2024-08-24 16:10:29 - INFO - 代理配置文件已保存
2024-08-24 16:10:29 - INFO - 商品链接配置文件已保存
2024-08-24 16:10:29 - INFO - 账号配置文件已保存
2024-08-24 16:10:29 - INFO - 代理配置文件已保存
2024-08-24 16:10:29 - INFO - 商品链接配置文件已保存
2024-08-24 16:10:29 - INFO - 自动加载了 5 个账号
2024-08-24 16:10:29 - INFO - 自动加载了 2 个代理
2024-08-24 16:10:29 - INFO - 自动加载了 2 个商品链接
2024-08-24 16:11:46 - INFO - 注册线程启动...
2024-08-24 16:11:46 - INFO - 找到 0 个未注册账号
2024-08-24 16:11:46 - INFO - 所有账号注册完成
2024-08-24 16:11:46 - INFO - 账号配置文件已保存
2024-08-24 16:11:46 - INFO - 代理配置文件已保存
2024-08-24 16:11:46 - INFO - 商品链接配置文件已保存
2024-08-24 16:11:46 - INFO - 自动加载了 5 个账号
2024-08-24 16:11:46 - INFO - 自动加载了 2 个代理
2024-08-24 16:11:46 - INFO - 自动加载了 2 个商品链接
2024-08-24 16:11:55 - INFO - 注册线程启动...
2024-08-24 16:11:55 - INFO - 找到 0 个未注册账号
2024-08-24 16:11:55 - INFO - 所有账号注册完成
2024-08-24 16:11:55 - INFO - 账号配置文件已保存
2024-08-24 16:11:55 - INFO - 代理配置文件已保存
2024-08-24 16:11:55 - INFO - 商品链接配置文件已保存
2024-08-24 16:11:55 - INFO - 自动加载了 5 个账号
2024-08-24 16:11:55 - INFO - 自动加载了 2 个代理
2024-08-24 16:11:55 - INFO - 自动加载了 2 个商品链接
2024-08-24 16:12:27 - INFO - 账号配置文件已保存
2024-08-24 16:12:27 - INFO - 代理配置文件已保存
2024-08-24 16:12:27 - INFO - 商品链接配置文件已保存
2024-08-24 16:12:37 - INFO - 自动加载了 5 个账号
2024-08-24 16:12:37 - INFO - 自动加载了 2 个代理
2024-08-24 16:12:37 - INFO - 自动加载了 2 个商品链接
2024-08-24 16:12:43 - INFO - 注册线程启动...
2024-08-24 16:12:43 - INFO - 找到 5 个未注册账号
2024-08-24 16:12:45 - INFO - 账号 user1@example.com 注册成功
2024-08-24 16:12:45 - INFO - 账号 user3@example.com 注册成功
2024-08-24 16:12:45 - INFO - 账号 user2@example.com 注册成功
2024-08-24 16:12:45 - INFO - 账号配置文件已保存
2024-08-24 16:12:45 - INFO - 代理配置文件已保存
2024-08-24 16:12:45 - INFO - 商品链接配置文件已保存
2024-08-24 16:12:45 - INFO - 账号配置文件已保存
2024-08-24 16:12:45 - INFO - 代理配置文件已保存
2024-08-24 16:12:45 - INFO - 商品链接配置文件已保存
2024-08-24 16:12:45 - INFO - 账号配置文件已保存
2024-08-24 16:12:45 - INFO - 代理配置文件已保存
2024-08-24 16:12:45 - INFO - 商品链接配置文件已保存
2024-08-24 16:12:45 - INFO - 账号 user5@example.com 注册成功
2024-08-24 16:12:45 - INFO - 账号 user4@example.com 注册成功
2024-08-24 16:12:45 - INFO - 账号配置文件已保存
2024-08-24 16:12:45 - INFO - 代理配置文件已保存
2024-08-24 16:12:45 - INFO - 商品链接配置文件已保存
2024-08-24 16:12:45 - INFO - 账号配置文件已保存
2024-08-24 16:12:45 - INFO - 代理配置文件已保存
2024-08-24 16:12:45 - INFO - 所有账号注册完成
2024-08-24 16:12:45 - INFO - 商品链接配置文件已保存
2024-08-24 16:12:45 - INFO - 账号配置文件已保存
2024-08-24 16:12:45 - INFO - 代理配置文件已保存
2024-08-24 16:12:45 - INFO - 商品链接配置文件已保存
2024-08-24 16:12:45 - INFO - 自动加载了 5 个账号
2024-08-24 16:12:45 - INFO - 自动加载了 2 个代理
2024-08-24 16:12:45 - INFO - 自动加载了 2 个商品链接
2024-08-24 16:15:00 - INFO - 自动加载了 5 个账号
2024-08-24 16:15:00 - INFO - 自动加载了 2 个代理
2024-08-24 16:15:00 - INFO - 自动加载了 2 个商品链接
2024-08-24 16:15:04 - INFO - 注册线程启动...
2024-08-24 16:15:04 - INFO - 找到 0 个未注册账号
2024-08-24 16:15:04 - INFO - 所有账号注册完成
2024-08-24 16:15:04 - INFO - 账号配置文件已保存
2024-08-24 16:15:04 - INFO - 代理配置文件已保存
2024-08-24 16:15:04 - INFO - 商品链接配置文件已保存
2024-08-24 16:15:04 - INFO - 自动加载了 5 个账号
2024-08-24 16:15:04 - INFO - 自动加载了 2 个代理
2024-08-24 16:15:04 - INFO - 自动加载了 2 个商品链接
2024-08-24 16:15:18 - INFO - 注册线程启动...
2024-08-24 16:15:18 - INFO - 找到 0 个未注册账号
2024-08-24 16:15:18 - INFO - 所有账号注册完成
2024-08-24 16:15:18 - INFO - 账号配置文件已保存
2024-08-24 16:15:18 - INFO - 代理配置文件已保存
2024-08-24 16:15:18 - INFO - 商品链接配置文件已保存
2024-08-24 16:15:18 - INFO - 自动加载了 5 个账号
2024-08-24 16:15:18 - INFO - 自动加载了 2 个代理
2024-08-24 16:15:18 - INFO - 自动加载了 2 个商品链接
2024-08-24 16:15:27 - INFO - 注册线程启动...
2024-08-24 16:15:27 - INFO - 找到 0 个未注册账号
2024-08-24 16:15:27 - INFO - 所有账号注册完成
2024-08-24 16:15:27 - INFO - 账号配置文件已保存
2024-08-24 16:15:27 - INFO - 代理配置文件已保存
2024-08-24 16:15:27 - INFO - 商品链接配置文件已保存
2024-08-24 16:15:27 - INFO - 自动加载了 5 个账号
2024-08-24 16:15:27 - INFO - 自动加载了 2 个代理
2024-08-24 16:15:27 - INFO - 自动加载了 2 个商品链接
2024-08-24 16:15:40 - INFO - 自动加载了 5 个账号
2024-08-24 16:15:40 - INFO - 自动加载了 2 个代理
2024-08-24 16:15:40 - INFO - 自动加载了 2 个商品链接
2024-08-24 16:15:44 - INFO - 注册线程启动...
2024-08-24 16:15:44 - INFO - 找到 5 个未注册账号
2024-08-24 16:15:46 - INFO - 账号 user4@example.com 注册成功
2024-08-24 16:15:46 - INFO - 账号 user5@example.com 注册成功
2024-08-24 16:15:46 - INFO - 账号 user3@example.com 注册成功
2024-08-24 16:15:46 - INFO - 账号 user2@example.com 注册成功
2024-08-24 16:15:46 - INFO - 账号 user1@example.com 注册成功
2024-08-24 16:15:46 - INFO - 所有账号注册完成
2024-08-24 16:15:46 - INFO - 账号配置文件已保存
2024-08-24 16:15:46 - INFO - 代理配置文件已保存
2024-08-24 16:15:46 - INFO - 商品链接配置文件已保存
2024-08-24 16:15:46 - INFO - 账号配置文件已保存
2024-08-24 16:15:46 - INFO - 代理配置文件已保存
2024-08-24 16:15:46 - INFO - 商品链接配置文件已保存
2024-08-24 16:15:46 - INFO - 账号配置文件已保存
2024-08-24 16:15:46 - INFO - 代理配置文件已保存
2024-08-24 16:15:46 - INFO - 商品链接配置文件已保存
2024-08-24 16:15:46 - INFO - 账号配置文件已保存
2024-08-24 16:15:46 - INFO - 代理配置文件已保存
2024-08-24 16:15:46 - INFO - 商品链接配置文件已保存
2024-08-24 16:15:46 - INFO - 账号配置文件已保存
2024-08-24 16:15:46 - INFO - 代理配置文件已保存
2024-08-24 16:15:46 - INFO - 商品链接配置文件已保存
2024-08-24 16:15:46 - INFO - 账号配置文件已保存
2024-08-24 16:15:46 - INFO - 代理配置文件已保存
2024-08-24 16:15:46 - INFO - 商品链接配置文件已保存
2024-08-24 16:15:46 - INFO - 自动加载了 5 个账号
2024-08-24 16:15:46 - INFO - 自动加载了 2 个代理
2024-08-24 16:15:46 - INFO - 自动加载了 2 个商品链接
2024-08-24 16:32:35 - INFO - 自动加载了 5 个账号
2024-08-24 16:32:35 - INFO - 自动加载了 2 个代理
2024-08-24 16:32:35 - INFO - 自动加载了 2 个商品链接
2024-08-24 16:32:40 - INFO - 注册线程启动...
2024-08-24 16:32:40 - INFO - 找到 0 个未注册账号
2024-08-24 16:32:40 - INFO - 所有账号注册完成
2024-08-24 16:32:40 - INFO - 账号配置文件已保存
2024-08-24 16:32:40 - INFO - 代理配置文件已保存
2024-08-24 16:32:40 - INFO - 商品链接配置文件已保存
2024-08-24 16:32:40 - INFO - 自动加载了 5 个账号
2024-08-24 16:32:40 - INFO - 自动加载了 2 个代理
2024-08-24 16:32:40 - INFO - 自动加载了 2 个商品链接
2024-08-24 16:33:14 - INFO - 自动加载了 5 个账号
2024-08-24 16:33:14 - INFO - 自动加载了 2 个代理
2024-08-24 16:33:14 - INFO - 自动加载了 2 个商品链接
2024-08-24 16:33:16 - INFO - 注册线程启动...
2024-08-24 16:33:16 - INFO - 找到 5 个未注册账号
2024-08-24 16:33:18 - INFO - 账号 user2@example.com 注册成功
2024-08-24 16:33:18 - INFO - 账号 user1@example.com 注册成功
2024-08-24 16:33:18 - INFO - 账号 user5@example.com 注册成功
2024-08-24 16:33:18 - INFO - 账号 user3@example.com 注册成功
2024-08-24 16:33:18 - INFO - 账号 user4@example.com 注册成功
2024-08-24 16:33:20 - INFO - 账号 user5@example.com 下单完成
2024-08-24 16:33:20 - INFO - 账号 user2@example.com 下单完成
2024-08-24 16:33:20 - INFO - 账号 user1@example.com 下单完成
2024-08-24 16:33:20 - INFO - 账号 user3@example.com 下单完成
2024-08-24 16:33:20 - INFO - 账号 user4@example.com 下单完成
2024-08-24 16:33:22 - INFO - 账号 user4@example.com 支付完成
2024-08-24 16:33:22 - INFO - 账号 user1@example.com 支付完成
2024-08-24 16:33:22 - INFO - 账号 user2@example.com 支付完成
2024-08-24 16:33:22 - INFO - 账号 user3@example.com 支付完成
2024-08-24 16:33:22 - INFO - 账号 user5@example.com 支付完成
2024-08-24 16:33:22 - INFO - 账号配置文件已保存
2024-08-24 16:33:22 - INFO - 所有账号注册完成
2024-08-24 16:33:22 - INFO - 代理配置文件已保存
2024-08-24 16:33:22 - INFO - 商品链接配置文件已保存
2024-08-24 16:33:22 - INFO - 账号配置文件已保存
2024-08-24 16:33:22 - INFO - 代理配置文件已保存
2024-08-24 16:33:22 - INFO - 商品链接配置文件已保存
2024-08-24 16:33:22 - INFO - 账号配置文件已保存
2024-08-24 16:33:22 - INFO - 代理配置文件已保存
2024-08-24 16:33:22 - INFO - 商品链接配置文件已保存
2024-08-24 16:33:22 - INFO - 账号配置文件已保存
2024-08-24 16:33:22 - INFO - 代理配置文件已保存
2024-08-24 16:33:22 - INFO - 商品链接配置文件已保存
2024-08-24 16:33:22 - INFO - 账号配置文件已保存
2024-08-24 16:33:22 - INFO - 代理配置文件已保存
2024-08-24 16:33:22 - INFO - 商品链接配置文件已保存
2024-08-24 16:33:22 - INFO - 账号配置文件已保存
2024-08-24 16:33:22 - INFO - 代理配置文件已保存
2024-08-24 16:33:22 - INFO - 商品链接配置文件已保存
2024-08-24 16:33:22 - INFO - 自动加载了 5 个账号
2024-08-24 16:33:22 - INFO - 自动加载了 2 个代理
2024-08-24 16:33:22 - INFO - 自动加载了 2 个商品链接
2024-08-24 16:39:13 - INFO - 自动加载了 5 个账号
2024-08-24 16:39:13 - INFO - 自动加载了 2 个代理
2024-08-24 16:39:13 - INFO - 自动加载了 2 个商品链接
2024-08-24 16:41:47 - INFO - 自动加载了 5 个账号
2024-08-24 16:41:47 - INFO - 自动加载了 2 个代理
2024-08-24 16:41:47 - INFO - 自动加载了 2 个商品链接
2024-08-24 19:03:06 - INFO - 自动加载了 5 个账号
2024-08-24 19:03:06 - INFO - 自动加载了 2 个代理
2024-08-24 19:03:06 - INFO - 自动加载了 2 个商品链接
2024-08-25 10:50:06 - INFO - 自动加载了 5 个账号
2024-08-25 10:50:06 - INFO - 自动加载了 2 个代理
2024-08-25 10:50:06 - INFO - 自动加载了 2 个商品链接
2024-08-25 10:50:44 - INFO - 自动加载了 5 个账号
2024-08-25 10:50:44 - INFO - 自动加载了 2 个代理
2024-08-25 10:50:44 - INFO - 自动加载了 2 个商品链接
2024-08-25 10:51:45 - INFO - 自动加载了 5 个账号
2024-08-25 10:51:45 - INFO - 自动加载了 2 个代理
2024-08-25 10:51:45 - INFO - 自动加载了 2 个商品链接
2024-08-25 10:51:47 - INFO - 注册线程启动...
2024-08-25 10:53:30 - INFO - 自动加载了 5 个账号
2024-08-25 10:53:30 - INFO - 自动加载了 2 个代理
2024-08-25 10:53:30 - INFO - 自动加载了 2 个商品链接
2024-08-25 10:53:31 - INFO - 注册线程启动...
2024-08-25 10:53:31 - INFO - 找到 0 个未注册账号
2024-08-25 10:53:31 - INFO - 所有账号注册完成
2024-08-25 10:53:31 - INFO - 账号配置文件已保存
2024-08-25 10:53:31 - INFO - 代理配置文件已保存
2024-08-25 10:53:31 - INFO - 商品链接配置文件已保存
2024-08-25 10:53:31 - INFO - 自动加载了 5 个账号
2024-08-25 10:53:31 - INFO - 自动加载了 2 个代理
2024-08-25 10:53:31 - INFO - 自动加载了 2 个商品链接
2024-08-25 10:54:31 - INFO - 自动加载了 5 个账号
2024-08-25 10:54:31 - INFO - 自动加载了 2 个代理
2024-08-25 10:54:31 - INFO - 自动加载了 2 个商品链接
2024-08-25 10:54:33 - INFO - 注册线程启动...
2024-08-25 10:54:33 - INFO - 找到 5 个未注册账号
2024-08-25 10:55:20 - INFO - 注册线程启动...
2024-08-25 10:55:20 - INFO - 找到 5 个未注册账号
2024-08-25 10:55:47 - INFO - 注册线程启动...
2024-08-25 10:55:47 - INFO - 找到 5 个未注册账号
2024-08-25 10:58:49 - INFO - 自动加载了 5 个账号
2024-08-25 10:58:49 - INFO - 自动加载了 2 个代理
2024-08-25 10:58:49 - INFO - 自动加载了 2 个商品链接
2024-08-25 10:58:51 - INFO - 注册线程启动...
2024-08-25 10:58:51 - INFO - 找到 5 个未注册账号
2024-08-25 10:59:21 - INFO - 所有账号注册完成
2024-08-25 10:59:21 - INFO - 账号配置文件已保存
2024-08-25 10:59:21 - INFO - 代理配置文件已保存
2024-08-25 10:59:21 - INFO - 商品链接配置文件已保存
2024-08-25 10:59:21 - INFO - 自动加载了 5 个账号
2024-08-25 10:59:21 - INFO - 自动加载了 2 个代理
2024-08-25 10:59:21 - INFO - 自动加载了 2 个商品链接
2024-08-25 11:02:00 - INFO - 自动加载了 5 个账号
2024-08-25 11:02:00 - INFO - 自动加载了 2 个代理
2024-08-25 11:02:00 - INFO - 自动加载了 2 个商品链接
2024-08-25 11:02:04 - INFO - 注册线程启动...
2024-08-25 11:02:04 - INFO - 找到 5 个未注册账号
2024-08-25 11:03:52 - INFO - 自动加载了 5 个账号
2024-08-25 11:03:52 - INFO - 自动加载了 2 个代理
2024-08-25 11:03:52 - INFO - 自动加载了 2 个商品链接
2024-08-25 11:03:55 - INFO - 注册线程启动...
2024-08-25 11:03:55 - INFO - 找到 5 个未注册账号
2024-08-25 11:05:31 - INFO - 自动加载了 5 个账号
2024-08-25 11:05:31 - INFO - 自动加载了 2 个代理
2024-08-25 11:05:31 - INFO - 自动加载了 2 个商品链接
2024-08-25 11:05:34 - INFO - 注册线程启动...
2024-08-25 11:05:34 - INFO - 找到 5 个未注册账号
2024-08-25 11:12:28 - INFO - 自动加载了 5 个账号
2024-08-25 11:12:28 - INFO - 自动加载了 2 个代理
2024-08-25 11:12:28 - INFO - 自动加载了 2 个商品链接
2024-08-25 11:12:31 - INFO - 注册线程启动...
2024-08-25 11:12:31 - INFO - 找到 5 个未注册账号
2024-08-25 11:12:52 - INFO - 自动加载了 5 个账号
2024-08-25 11:12:52 - INFO - 自动加载了 2 个代理
2024-08-25 11:12:52 - INFO - 自动加载了 2 个商品链接
2024-08-25 11:12:53 - INFO - 注册线程启动...
2024-08-25 11:12:53 - INFO - 找到 5 个未注册账号
2024-08-25 11:18:11 - INFO - 自动加载了 5 个账号
2024-08-25 11:18:11 - INFO - 自动加载了 2 个代理
2024-08-25 11:18:11 - INFO - 自动加载了 2 个商品链接
2024-08-25 11:18:12 - INFO - 注册线程启动...
2024-08-25 11:18:12 - INFO - 找到 5 个未注册账号
2024-08-25 11:55:46 - INFO - 自动加载了 5 个账号
2024-08-25 11:55:46 - INFO - 自动加载了 2 个代理
2024-08-25 11:55:46 - INFO - 自动加载了 2 个商品链接
2024-08-25 11:55:49 - INFO - 注册线程启动...
2024-08-25 11:55:49 - INFO - 找到 5 个未注册账号
2024-08-25 11:56:57 - INFO - 自动加载了 5 个账号
2024-08-25 11:56:57 - INFO - 自动加载了 2 个代理
2024-08-25 11:56:57 - INFO - 自动加载了 2 个商品链接
2024-08-25 11:57:09 - INFO - 自动加载了 5 个账号
2024-08-25 11:57:09 - INFO - 自动加载了 2 个代理
2024-08-25 11:57:09 - INFO - 自动加载了 2 个商品链接
2024-08-25 11:57:12 - INFO - 注册线程启动...
2024-08-25 11:57:12 - INFO - 找到 5 个未注册账号
2024-08-25 11:57:42 - INFO - 自动加载了 5 个账号
2024-08-25 11:57:42 - INFO - 自动加载了 2 个代理
2024-08-25 11:57:42 - INFO - 自动加载了 2 个商品链接
2024-08-25 11:57:44 - INFO - 注册线程启动...
2024-08-25 11:57:44 - INFO - 找到 5 个未注册账号
2024-08-25 11:58:15 - INFO - 自动加载了 5 个账号
2024-08-25 11:58:15 - INFO - 自动加载了 2 个代理
2024-08-25 11:58:15 - INFO - 自动加载了 2 个商品链接
2024-08-25 11:58:17 - INFO - 注册线程启动...
2024-08-25 11:58:17 - INFO - 找到 5 个未注册账号
2024-08-25 12:05:19 - INFO - 自动加载了 5 个账号
2024-08-25 12:05:19 - INFO - 自动加载了 2 个代理
2024-08-25 12:05:19 - INFO - 自动加载了 2 个商品链接
2024-08-25 12:05:21 - INFO - 注册线程启动...
2024-08-25 12:05:21 - INFO - 找到 5 个未注册账号
2024-08-25 12:07:57 - INFO - 自动加载了 5 个账号
2024-08-25 12:07:57 - INFO - 自动加载了 2 个代理
2024-08-25 12:07:57 - INFO - 自动加载了 2 个商品链接
2024-08-25 12:07:58 - INFO - 注册线程启动...
2024-08-25 12:07:58 - INFO - 找到 5 个未注册账号
2024-08-25 12:10:25 - INFO - 自动加载了 5 个账号
2024-08-25 12:10:25 - INFO - 自动加载了 2 个代理
2024-08-25 12:10:25 - INFO - 自动加载了 2 个商品链接
2024-08-25 12:10:26 - INFO - 注册线程启动...
2024-08-25 12:10:26 - INFO - 找到 5 个未注册账号
2024-08-25 12:15:48 - INFO - 自动加载了 5 个账号
2024-08-25 12:15:48 - INFO - 自动加载了 2 个代理
2024-08-25 12:15:48 - INFO - 自动加载了 2 个商品链接
2024-08-25 12:15:50 - INFO - 注册线程启动...
2024-08-25 12:15:50 - INFO - 找到 5 个未注册账号
2024-08-25 12:16:11 - INFO - user1@example.com - 验证码输入失败。Error: Message: 
Stacktrace:
	GetHandleVerifier [0x0081FD33+27651]
	(No symbol) [0x007B5554]
	(No symbol) [0x006B1ADF]
	(No symbol) [0x006F2BFE]
	(No symbol) [0x006F2CDB]
	(No symbol) [0x0072EBD2]
	(No symbol) [0x00713954]
	(No symbol) [0x0072CA7D]
	(No symbol) [0x007136A6]
	(No symbol) [0x006E74E1]
	(No symbol) [0x006E805D]
	GetHandleVerifier [0x00AD6613+2872547]
	GetHandleVerifier [0x00B2BADD+3221933]
	GetHandleVerifier [0x008A2A94+563556]
	GetHandleVerifier [0x008A9DCC+593052]
	(No symbol) [0x007BE3A4]
	(No symbol) [0x007BAE08]
	(No symbol) [0x007BAFA7]
	(No symbol) [0x007AD0AE]
	BaseThreadInitThunk [0x76907BA9+25]
	RtlInitializeExceptionChain [0x7771C10B+107]
	RtlClearBits [0x7771C08F+191]

2024-08-25 12:16:11 - INFO - 账号 user1@example.com 注册成功
2024-08-25 12:16:54 - INFO - 自动加载了 5 个账号
2024-08-25 12:16:54 - INFO - 自动加载了 2 个代理
2024-08-25 12:16:54 - INFO - 自动加载了 2 个商品链接
2024-08-25 12:16:56 - INFO - 注册线程启动...
2024-08-25 12:16:56 - INFO - 找到 5 个未注册账号
2024-08-25 12:17:12 - INFO - 注册复选框未找到或无法点击，继续执行。Error: Message: 

2024-08-25 12:17:27 - INFO - user1@example.com - 验证码输入失败。Error: ('Connection aborted.', ConnectionResetError(10054, '远程主机强迫关闭了一个现有的连接。', None, 10054, None))
2024-08-25 12:17:27 - INFO - 账号 user1@example.com 注册成功
2024-08-25 12:17:29 - INFO - 自动加载了 5 个账号
2024-08-25 12:17:29 - INFO - 自动加载了 2 个代理
2024-08-25 12:17:29 - INFO - 自动加载了 2 个商品链接
2024-08-25 12:17:32 - INFO - 注册线程启动...
2024-08-25 12:17:32 - INFO - 找到 5 个未注册账号
2024-08-25 12:17:54 - INFO - user1@example.com - 验证码输入失败。Error: Message: 
Stacktrace:
	GetHandleVerifier [0x0081FD33+27651]
	(No symbol) [0x007B5554]
	(No symbol) [0x006B1ADF]
	(No symbol) [0x006F2BFE]
	(No symbol) [0x006F2CDB]
	(No symbol) [0x0072EBD2]
	(No symbol) [0x00713954]
	(No symbol) [0x0072CA7D]
	(No symbol) [0x007136A6]
	(No symbol) [0x006E74E1]
	(No symbol) [0x006E805D]
	GetHandleVerifier [0x00AD6613+2872547]
	GetHandleVerifier [0x00B2BADD+3221933]
	GetHandleVerifier [0x008A2A94+563556]
	GetHandleVerifier [0x008A9DCC+593052]
	(No symbol) [0x007BE3A4]
	(No symbol) [0x007BAE08]
	(No symbol) [0x007BAFA7]
	(No symbol) [0x007AD0AE]
	BaseThreadInitThunk [0x76907BA9+25]
	RtlInitializeExceptionChain [0x7771C10B+107]
	RtlClearBits [0x7771C08F+191]

2024-08-25 12:17:54 - INFO - 账号 user1@example.com 注册成功
2024-08-25 12:17:55 - INFO - 账号配置文件已保存
2024-08-25 12:17:55 - INFO - 代理配置文件已保存
2024-08-25 12:17:55 - INFO - 商品链接配置文件已保存
2024-08-25 12:17:55 - INFO - 修改了表格中的一个单元格并已保存
2024-08-25 12:18:14 - INFO - 自动加载了 5 个账号
2024-08-25 12:18:14 - INFO - 自动加载了 2 个代理
2024-08-25 12:18:14 - INFO - 自动加载了 2 个商品链接
2024-08-25 12:18:17 - INFO - 注册线程启动...
2024-08-25 12:18:17 - INFO - 找到 4 个未注册账号
2024-08-25 12:18:27 - INFO - user2@example.com - 验证码输入失败。Error: Message: no such window: target window already closed
from unknown error: web view not found
  (Session info: chrome=126.0.6478.164)
Stacktrace:
	GetHandleVerifier [0x0081FD33+27651]
	(No symbol) [0x007B5554]
	(No symbol) [0x006B1ADF]
	(No symbol) [0x0068E483]
	(No symbol) [0x00719FCF]
	(No symbol) [0x0072C336]
	(No symbol) [0x007136A6]
	(No symbol) [0x006E74E1]
	(No symbol) [0x006E805D]
	GetHandleVerifier [0x00AD6613+2872547]
	GetHandleVerifier [0x00B2BADD+3221933]
	GetHandleVerifier [0x008A2A94+563556]
	GetHandleVerifier [0x008A9DCC+593052]
	(No symbol) [0x007BE3A4]
	(No symbol) [0x007BAE08]
	(No symbol) [0x007BAFA7]
	(No symbol) [0x007AD0AE]
	BaseThreadInitThunk [0x76907BA9+25]
	RtlInitializeExceptionChain [0x7771C10B+107]
	RtlClearBits [0x7771C08F+191]

2024-08-25 12:18:27 - INFO - 账号 user2@example.com 注册成功
2024-08-25 12:18:33 - INFO - 自动加载了 5 个账号
2024-08-25 12:18:33 - INFO - 自动加载了 2 个代理
2024-08-25 12:18:33 - INFO - 自动加载了 2 个商品链接
2024-08-25 12:18:38 - INFO - 账号配置文件已保存
2024-08-25 12:18:38 - INFO - 代理配置文件已保存
2024-08-25 12:18:38 - INFO - 商品链接配置文件已保存
2024-08-25 12:18:38 - INFO - 修改了表格中的一个单元格并已保存
2024-08-25 12:18:40 - INFO - 注册线程启动...
2024-08-25 12:18:40 - INFO - 找到 5 个未注册账号
2024-08-25 12:19:04 - INFO - user1@example.com - 验证码输入失败。Error: Message: 
Stacktrace:
	GetHandleVerifier [0x0081FD33+27651]
	(No symbol) [0x007B5554]
	(No symbol) [0x006B1ADF]
	(No symbol) [0x006F2BFE]
	(No symbol) [0x006F2CDB]
	(No symbol) [0x0072EBD2]
	(No symbol) [0x00713954]
	(No symbol) [0x0072CA7D]
	(No symbol) [0x007136A6]
	(No symbol) [0x006E74E1]
	(No symbol) [0x006E805D]
	GetHandleVerifier [0x00AD6613+2872547]
	GetHandleVerifier [0x00B2BADD+3221933]
	GetHandleVerifier [0x008A2A94+563556]
	GetHandleVerifier [0x008A9DCC+593052]
	(No symbol) [0x007BE3A4]
	(No symbol) [0x007BAE08]
	(No symbol) [0x007BAFA7]
	(No symbol) [0x007AD0AE]
	BaseThreadInitThunk [0x76907BA9+25]
	RtlInitializeExceptionChain [0x7771C10B+107]
	RtlClearBits [0x7771C08F+191]

2024-08-25 12:19:04 - INFO - 账号 user1@example.com 注册成功
2024-08-25 12:19:12 - INFO - 注册复选框未找到或无法点击，继续执行。Error: Message: disconnected: unable to send message to renderer
  (failed to check if window was closed: disconnected: not connected to DevTools)
  (Session info: chrome=126.0.6478.164)
Stacktrace:
	GetHandleVerifier [0x0081FD33+27651]
	(No symbol) [0x007B5554]
	(No symbol) [0x006B1ADF]
	(No symbol) [0x0069CE2C]
	(No symbol) [0x0069CDB6]
	(No symbol) [0x0069B989]
	(No symbol) [0x0069C35D]
	(No symbol) [0x006B4D5F]
	(No symbol) [0x006B5522]
	(No symbol) [0x006B8858]
	(No symbol) [0x006B88D0]
	(No symbol) [0x006F2847]
	(No symbol) [0x006F2CDB]
	(No symbol) [0x0072EBD2]
	(No symbol) [0x00713954]
	(No symbol) [0x0072CA7D]
	(No symbol) [0x007136A6]
	(No symbol) [0x006E74E1]
	(No symbol) [0x006E805D]
	GetHandleVerifier [0x00AD6613+2872547]
	GetHandleVerifier [0x00B2BADD+3221933]
	GetHandleVerifier [0x008A2A94+563556]
	GetHandleVerifier [0x008A9DCC+593052]
	(No symbol) [0x007BE3A4]
	(No symbol) [0x007BAE08]
	(No symbol) [0x007BAFA7]
	(No symbol) [0x007AD0AE]
	BaseThreadInitThunk [0x76907BA9+25]
	RtlInitializeExceptionChain [0x7771C10B+107]
	RtlClearBits [0x7771C08F+191]

2024-08-25 12:32:14 - INFO - 自动加载了 5 个账号
2024-08-25 12:32:14 - INFO - 自动加载了 2 个代理
2024-08-25 12:32:14 - INFO - 自动加载了 2 个商品链接
2024-08-25 12:32:21 - INFO - 注册线程启动...
2024-08-25 12:32:21 - INFO - 找到 5 个未注册账号
2024-08-25 12:32:35 - INFO - 注册复选框未找到或无法点击，继续执行。Error: Message: no such element: Unable to locate element: {"method":"css selector","selector":"[name="cookies"]"}
  (Session info: chrome=126.0.6478.164); For documentation on this error, please visit: https://www.selenium.dev/documentation/webdriver/troubleshooting/errors#no-such-element-exception
Stacktrace:
	GetHandleVerifier [0x0081FD33+27651]
	(No symbol) [0x007B5554]
	(No symbol) [0x006B1ADF]
	(No symbol) [0x006F2BFE]
	(No symbol) [0x006F2CDB]
	(No symbol) [0x0072EBD2]
	(No symbol) [0x00713954]
	(No symbol) [0x0072CA7D]
	(No symbol) [0x007136A6]
	(No symbol) [0x006E74E1]
	(No symbol) [0x006E805D]
	GetHandleVerifier [0x00AD6613+2872547]
	GetHandleVerifier [0x00B2BADD+3221933]
	GetHandleVerifier [0x008A2A94+563556]
	GetHandleVerifier [0x008A9DCC+593052]
	(No symbol) [0x007BE3A4]
	(No symbol) [0x007BAE08]
	(No symbol) [0x007BAFA7]
	(No symbol) [0x007AD0AE]
	BaseThreadInitThunk [0x76907BA9+25]
	RtlInitializeExceptionChain [0x7771C10B+107]
	RtlClearBits [0x7771C08F+191]

2024-08-25 12:34:19 - INFO - 自动加载了 5 个账号
2024-08-25 12:34:19 - INFO - 自动加载了 2 个代理
2024-08-25 12:34:19 - INFO - 自动加载了 2 个商品链接
2024-08-25 12:34:24 - INFO - 注册线程启动...
2024-08-25 12:34:24 - INFO - 找到 5 个未注册账号
2024-08-25 12:34:42 - INFO - 注册复选框未找到或无法点击，继续执行。Error: Message: no such element: Unable to locate element: {"method":"css selector","selector":"[name="cookies"]"}
  (Session info: chrome=126.0.6478.164); For documentation on this error, please visit: https://www.selenium.dev/documentation/webdriver/troubleshooting/errors#no-such-element-exception
Stacktrace:
	GetHandleVerifier [0x0081FD33+27651]
	(No symbol) [0x007B5554]
	(No symbol) [0x006B1ADF]
	(No symbol) [0x006F2BFE]
	(No symbol) [0x006F2CDB]
	(No symbol) [0x0072EBD2]
	(No symbol) [0x00713954]
	(No symbol) [0x0072CA7D]
	(No symbol) [0x007136A6]
	(No symbol) [0x006E74E1]
	(No symbol) [0x006E805D]
	GetHandleVerifier [0x00AD6613+2872547]
	GetHandleVerifier [0x00B2BADD+3221933]
	GetHandleVerifier [0x008A2A94+563556]
	GetHandleVerifier [0x008A9DCC+593052]
	(No symbol) [0x007BE3A4]
	(No symbol) [0x007BAE08]
	(No symbol) [0x007BAFA7]
	(No symbol) [0x007AD0AE]
	BaseThreadInitThunk [0x76907BA9+25]
	RtlInitializeExceptionChain [0x7771C10B+107]
	RtlClearBits [0x7771C08F+191]

2024-08-25 12:34:50 - INFO - user1@example.com - 验证码输入失败。Error: 'NoneType' object has no attribute 'is_displayed'
2024-08-25 12:34:50 - INFO - 账号 user1@example.com 注册成功
2024-08-25 12:37:27 - INFO - 自动加载了 5 个账号
2024-08-25 12:37:27 - INFO - 自动加载了 2 个代理
2024-08-25 12:37:27 - INFO - 自动加载了 2 个商品链接
2024-08-25 12:37:29 - INFO - 注册线程启动...
2024-08-25 12:37:29 - INFO - 找到 5 个未注册账号
2024-08-25 12:37:32 - INFO - 注册线程启动...
2024-08-25 12:37:32 - INFO - 找到 5 个未注册账号
2024-08-25 12:37:34 - INFO - 注册线程启动...
2024-08-25 12:37:34 - INFO - 找到 5 个未注册账号
2024-08-25 12:37:35 - INFO - 注册线程启动...
2024-08-25 12:37:35 - INFO - 找到 5 个未注册账号
2024-08-25 12:37:35 - INFO - 注册线程启动...
2024-08-25 12:37:35 - INFO - 找到 5 个未注册账号
2024-08-25 12:37:35 - INFO - 注册线程启动...
2024-08-25 12:37:35 - INFO - 找到 5 个未注册账号
2024-08-25 12:37:35 - INFO - 注册线程启动...
2024-08-25 12:37:35 - INFO - 找到 5 个未注册账号
2024-08-25 12:37:44 - INFO - 注册复选框未找到或无法点击，继续执行。Error: Message: no such element: Unable to locate element: {"method":"css selector","selector":"[name="cookies"]"}
  (Session info: chrome=126.0.6478.164); For documentation on this error, please visit: https://www.selenium.dev/documentation/webdriver/troubleshooting/errors#no-such-element-exception
Stacktrace:
	GetHandleVerifier [0x0081FD33+27651]
	(No symbol) [0x007B5554]
	(No symbol) [0x006B1ADF]
	(No symbol) [0x006F2BFE]
	(No symbol) [0x006F2CDB]
	(No symbol) [0x0072EBD2]
	(No symbol) [0x00713954]
	(No symbol) [0x0072CA7D]
	(No symbol) [0x007136A6]
	(No symbol) [0x006E74E1]
	(No symbol) [0x006E805D]
	GetHandleVerifier [0x00AD6613+2872547]
	GetHandleVerifier [0x00B2BADD+3221933]
	GetHandleVerifier [0x008A2A94+563556]
	GetHandleVerifier [0x008A9DCC+593052]
	(No symbol) [0x007BE3A4]
	(No symbol) [0x007BAE08]
	(No symbol) [0x007BAFA7]
	(No symbol) [0x007AD0AE]
	BaseThreadInitThunk [0x76907BA9+25]
	RtlInitializeExceptionChain [0x7771C10B+107]
	RtlClearBits [0x7771C08F+191]

2024-08-25 12:37:54 - INFO - 正在停止所有线程...
2024-08-25 12:38:00 - INFO - user1@example.com - 验证码输入失败。Error: Message: 
Stacktrace:
	GetHandleVerifier [0x0081FD33+27651]
	(No symbol) [0x007B5554]
	(No symbol) [0x006B1ADF]
	(No symbol) [0x006F2BFE]
	(No symbol) [0x006F2CDB]
	(No symbol) [0x0072EBD2]
	(No symbol) [0x00713954]
	(No symbol) [0x0072CA7D]
	(No symbol) [0x007136A6]
	(No symbol) [0x006E74E1]
	(No symbol) [0x006E805D]
	GetHandleVerifier [0x00AD6613+2872547]
	GetHandleVerifier [0x00B2BADD+3221933]
	GetHandleVerifier [0x008A2A94+563556]
	GetHandleVerifier [0x008A9DCC+593052]
	(No symbol) [0x007BE3A4]
	(No symbol) [0x007BAE08]
	(No symbol) [0x007BAFA7]
	(No symbol) [0x007AD0AE]
	BaseThreadInitThunk [0x76907BA9+25]
	RtlInitializeExceptionChain [0x7771C10B+107]
	RtlClearBits [0x7771C08F+191]

2024-08-25 12:38:00 - INFO - 账号 user1@example.com 注册成功
2024-08-25 12:38:10 - INFO - 注册线程启动...
2024-08-25 12:38:10 - INFO - 找到 4 个未注册账号
2024-08-25 12:38:17 - INFO - 注册复选框未找到或无法点击，继续执行。Error: Message: no such element: Unable to locate element: {"method":"css selector","selector":"[name="cookies"]"}
  (Session info: chrome=126.0.6478.164); For documentation on this error, please visit: https://www.selenium.dev/documentation/webdriver/troubleshooting/errors#no-such-element-exception
Stacktrace:
	GetHandleVerifier [0x0081FD33+27651]
	(No symbol) [0x007B5554]
	(No symbol) [0x006B1ADF]
	(No symbol) [0x006F2BFE]
	(No symbol) [0x006F2CDB]
	(No symbol) [0x0072EBD2]
	(No symbol) [0x00713954]
	(No symbol) [0x0072CA7D]
	(No symbol) [0x007136A6]
	(No symbol) [0x006E74E1]
	(No symbol) [0x006E805D]
	GetHandleVerifier [0x00AD6613+2872547]
	GetHandleVerifier [0x00B2BADD+3221933]
	GetHandleVerifier [0x008A2A94+563556]
	GetHandleVerifier [0x008A9DCC+593052]
	(No symbol) [0x007BE3A4]
	(No symbol) [0x007BAE08]
	(No symbol) [0x007BAFA7]
	(No symbol) [0x007AD0AE]
	BaseThreadInitThunk [0x76907BA9+25]
	RtlInitializeExceptionChain [0x7771C10B+107]
	RtlClearBits [0x7771C08F+191]

2024-08-25 12:38:34 - INFO - user2@example.com - 验证码输入失败。Error: Message: 
Stacktrace:
	GetHandleVerifier [0x0081FD33+27651]
	(No symbol) [0x007B5554]
	(No symbol) [0x006B1ADF]
	(No symbol) [0x006F2BFE]
	(No symbol) [0x006F2CDB]
	(No symbol) [0x0072EBD2]
	(No symbol) [0x00713954]
	(No symbol) [0x0072CA7D]
	(No symbol) [0x007136A6]
	(No symbol) [0x006E74E1]
	(No symbol) [0x006E805D]
	GetHandleVerifier [0x00AD6613+2872547]
	GetHandleVerifier [0x00B2BADD+3221933]
	GetHandleVerifier [0x008A2A94+563556]
	GetHandleVerifier [0x008A9DCC+593052]
	(No symbol) [0x007BE3A4]
	(No symbol) [0x007BAE08]
	(No symbol) [0x007BAFA7]
	(No symbol) [0x007AD0AE]
	BaseThreadInitThunk [0x76907BA9+25]
	RtlInitializeExceptionChain [0x7771C10B+107]
	RtlClearBits [0x7771C08F+191]

2024-08-25 12:38:34 - INFO - 账号 user2@example.com 注册成功
2024-08-25 12:38:50 - INFO - 注册复选框未找到或无法点击，继续执行。Error: Message: no such element: Unable to locate element: {"method":"css selector","selector":"[name="cookies"]"}
  (Session info: chrome=126.0.6478.164); For documentation on this error, please visit: https://www.selenium.dev/documentation/webdriver/troubleshooting/errors#no-such-element-exception
Stacktrace:
	GetHandleVerifier [0x0081FD33+27651]
	(No symbol) [0x007B5554]
	(No symbol) [0x006B1ADF]
	(No symbol) [0x006F2BFE]
	(No symbol) [0x006F2CDB]
	(No symbol) [0x0072EBD2]
	(No symbol) [0x00713954]
	(No symbol) [0x0072CA7D]
	(No symbol) [0x007136A6]
	(No symbol) [0x006E74E1]
	(No symbol) [0x006E805D]
	GetHandleVerifier [0x00AD6613+2872547]
	GetHandleVerifier [0x00B2BADD+3221933]
	GetHandleVerifier [0x008A2A94+563556]
	GetHandleVerifier [0x008A9DCC+593052]
	(No symbol) [0x007BE3A4]
	(No symbol) [0x007BAE08]
	(No symbol) [0x007BAFA7]
	(No symbol) [0x007AD0AE]
	BaseThreadInitThunk [0x76907BA9+25]
	RtlInitializeExceptionChain [0x7771C10B+107]
	RtlClearBits [0x7771C08F+191]

2024-08-25 12:39:06 - INFO - user1@example.com - 验证码输入失败。Error: Message: 
Stacktrace:
	GetHandleVerifier [0x0081FD33+27651]
	(No symbol) [0x007B5554]
	(No symbol) [0x006B1ADF]
	(No symbol) [0x006F2BFE]
	(No symbol) [0x006F2CDB]
	(No symbol) [0x0072EBD2]
	(No symbol) [0x00713954]
	(No symbol) [0x0072CA7D]
	(No symbol) [0x007136A6]
	(No symbol) [0x006E74E1]
	(No symbol) [0x006E805D]
	GetHandleVerifier [0x00AD6613+2872547]
	GetHandleVerifier [0x00B2BADD+3221933]
	GetHandleVerifier [0x008A2A94+563556]
	GetHandleVerifier [0x008A9DCC+593052]
	(No symbol) [0x007BE3A4]
	(No symbol) [0x007BAE08]
	(No symbol) [0x007BAFA7]
	(No symbol) [0x007AD0AE]
	BaseThreadInitThunk [0x76907BA9+25]
	RtlInitializeExceptionChain [0x7771C10B+107]
	RtlClearBits [0x7771C08F+191]

2024-08-25 12:39:06 - INFO - 账号 user1@example.com 注册成功
2024-08-25 12:39:23 - INFO - 注册复选框未找到或无法点击，继续执行。Error: Message: no such element: Unable to locate element: {"method":"css selector","selector":"[name="cookies"]"}
  (Session info: chrome=126.0.6478.164); For documentation on this error, please visit: https://www.selenium.dev/documentation/webdriver/troubleshooting/errors#no-such-element-exception
Stacktrace:
	GetHandleVerifier [0x0081FD33+27651]
	(No symbol) [0x007B5554]
	(No symbol) [0x006B1ADF]
	(No symbol) [0x006F2BFE]
	(No symbol) [0x006F2CDB]
	(No symbol) [0x0072EBD2]
	(No symbol) [0x00713954]
	(No symbol) [0x0072CA7D]
	(No symbol) [0x007136A6]
	(No symbol) [0x006E74E1]
	(No symbol) [0x006E805D]
	GetHandleVerifier [0x00AD6613+2872547]
	GetHandleVerifier [0x00B2BADD+3221933]
	GetHandleVerifier [0x008A2A94+563556]
	GetHandleVerifier [0x008A9DCC+593052]
	(No symbol) [0x007BE3A4]
	(No symbol) [0x007BAE08]
	(No symbol) [0x007BAFA7]
	(No symbol) [0x007AD0AE]
	BaseThreadInitThunk [0x76907BA9+25]
	RtlInitializeExceptionChain [0x7771C10B+107]
	RtlClearBits [0x7771C08F+191]

2024-08-25 12:39:40 - INFO - user2@example.com - 验证码输入失败。Error: Message: 
Stacktrace:
	GetHandleVerifier [0x0081FD33+27651]
	(No symbol) [0x007B5554]
	(No symbol) [0x006B1ADF]
	(No symbol) [0x006F2BFE]
	(No symbol) [0x006F2CDB]
	(No symbol) [0x0072EBD2]
	(No symbol) [0x00713954]
	(No symbol) [0x0072CA7D]
	(No symbol) [0x007136A6]
	(No symbol) [0x006E74E1]
	(No symbol) [0x006E805D]
	GetHandleVerifier [0x00AD6613+2872547]
	GetHandleVerifier [0x00B2BADD+3221933]
	GetHandleVerifier [0x008A2A94+563556]
	GetHandleVerifier [0x008A9DCC+593052]
	(No symbol) [0x007BE3A4]
	(No symbol) [0x007BAE08]
	(No symbol) [0x007BAFA7]
	(No symbol) [0x007AD0AE]
	BaseThreadInitThunk [0x76907BA9+25]
	RtlInitializeExceptionChain [0x7771C10B+107]
	RtlClearBits [0x7771C08F+191]

2024-08-25 12:39:40 - INFO - 账号 user2@example.com 注册成功
2024-08-25 12:39:55 - INFO - 注册复选框未找到或无法点击，继续执行。Error: Message: no such element: Unable to locate element: {"method":"css selector","selector":"[name="cookies"]"}
  (Session info: chrome=126.0.6478.164); For documentation on this error, please visit: https://www.selenium.dev/documentation/webdriver/troubleshooting/errors#no-such-element-exception
Stacktrace:
	GetHandleVerifier [0x0081FD33+27651]
	(No symbol) [0x007B5554]
	(No symbol) [0x006B1ADF]
	(No symbol) [0x006F2BFE]
	(No symbol) [0x006F2CDB]
	(No symbol) [0x0072EBD2]
	(No symbol) [0x00713954]
	(No symbol) [0x0072CA7D]
	(No symbol) [0x007136A6]
	(No symbol) [0x006E74E1]
	(No symbol) [0x006E805D]
	GetHandleVerifier [0x00AD6613+2872547]
	GetHandleVerifier [0x00B2BADD+3221933]
	GetHandleVerifier [0x008A2A94+563556]
	GetHandleVerifier [0x008A9DCC+593052]
	(No symbol) [0x007BE3A4]
	(No symbol) [0x007BAE08]
	(No symbol) [0x007BAFA7]
	(No symbol) [0x007AD0AE]
	BaseThreadInitThunk [0x76907BA9+25]
	RtlInitializeExceptionChain [0x7771C10B+107]
	RtlClearBits [0x7771C08F+191]

2024-08-25 12:40:11 - INFO - user2@example.com - 验证码输入失败。Error: Message: 
Stacktrace:
	GetHandleVerifier [0x0081FD33+27651]
	(No symbol) [0x007B5554]
	(No symbol) [0x006B1ADF]
	(No symbol) [0x006F2BFE]
	(No symbol) [0x006F2CDB]
	(No symbol) [0x0072EBD2]
	(No symbol) [0x00713954]
	(No symbol) [0x0072CA7D]
	(No symbol) [0x007136A6]
	(No symbol) [0x006E74E1]
	(No symbol) [0x006E805D]
	GetHandleVerifier [0x00AD6613+2872547]
	GetHandleVerifier [0x00B2BADD+3221933]
	GetHandleVerifier [0x008A2A94+563556]
	GetHandleVerifier [0x008A9DCC+593052]
	(No symbol) [0x007BE3A4]
	(No symbol) [0x007BAE08]
	(No symbol) [0x007BAFA7]
	(No symbol) [0x007AD0AE]
	BaseThreadInitThunk [0x76907BA9+25]
	RtlInitializeExceptionChain [0x7771C10B+107]
	RtlClearBits [0x7771C08F+191]

2024-08-25 12:40:11 - INFO - 账号 user2@example.com 注册成功
2024-08-25 12:40:28 - INFO - 注册复选框未找到或无法点击，继续执行。Error: Message: no such element: Unable to locate element: {"method":"css selector","selector":"[name="cookies"]"}
  (Session info: chrome=126.0.6478.164); For documentation on this error, please visit: https://www.selenium.dev/documentation/webdriver/troubleshooting/errors#no-such-element-exception
Stacktrace:
	GetHandleVerifier [0x0081FD33+27651]
	(No symbol) [0x007B5554]
	(No symbol) [0x006B1ADF]
	(No symbol) [0x006F2BFE]
	(No symbol) [0x006F2CDB]
	(No symbol) [0x0072EBD2]
	(No symbol) [0x00713954]
	(No symbol) [0x0072CA7D]
	(No symbol) [0x007136A6]
	(No symbol) [0x006E74E1]
	(No symbol) [0x006E805D]
	GetHandleVerifier [0x00AD6613+2872547]
	GetHandleVerifier [0x00B2BADD+3221933]
	GetHandleVerifier [0x008A2A94+563556]
	GetHandleVerifier [0x008A9DCC+593052]
	(No symbol) [0x007BE3A4]
	(No symbol) [0x007BAE08]
	(No symbol) [0x007BAFA7]
	(No symbol) [0x007AD0AE]
	BaseThreadInitThunk [0x76907BA9+25]
	RtlInitializeExceptionChain [0x7771C10B+107]
	RtlClearBits [0x7771C08F+191]

2024-08-25 12:40:44 - INFO - user5@example.com - 验证码输入失败。Error: Message: 
Stacktrace:
	GetHandleVerifier [0x0081FD33+27651]
	(No symbol) [0x007B5554]
	(No symbol) [0x006B1ADF]
	(No symbol) [0x006F2BFE]
	(No symbol) [0x006F2CDB]
	(No symbol) [0x0072EBD2]
	(No symbol) [0x00713954]
	(No symbol) [0x0072CA7D]
	(No symbol) [0x007136A6]
	(No symbol) [0x006E74E1]
	(No symbol) [0x006E805D]
	GetHandleVerifier [0x00AD6613+2872547]
	GetHandleVerifier [0x00B2BADD+3221933]
	GetHandleVerifier [0x008A2A94+563556]
	GetHandleVerifier [0x008A9DCC+593052]
	(No symbol) [0x007BE3A4]
	(No symbol) [0x007BAE08]
	(No symbol) [0x007BAFA7]
	(No symbol) [0x007AD0AE]
	BaseThreadInitThunk [0x76907BA9+25]
	RtlInitializeExceptionChain [0x7771C10B+107]
	RtlClearBits [0x7771C08F+191]

2024-08-25 12:40:44 - INFO - 账号 user5@example.com 注册成功
2024-08-25 12:40:59 - INFO - 注册复选框未找到或无法点击，继续执行。Error: Message: no such element: Unable to locate element: {"method":"css selector","selector":"[name="cookies"]"}
  (Session info: chrome=126.0.6478.164); For documentation on this error, please visit: https://www.selenium.dev/documentation/webdriver/troubleshooting/errors#no-such-element-exception
Stacktrace:
	GetHandleVerifier [0x0081FD33+27651]
	(No symbol) [0x007B5554]
	(No symbol) [0x006B1ADF]
	(No symbol) [0x006F2BFE]
	(No symbol) [0x006F2CDB]
	(No symbol) [0x0072EBD2]
	(No symbol) [0x00713954]
	(No symbol) [0x0072CA7D]
	(No symbol) [0x007136A6]
	(No symbol) [0x006E74E1]
	(No symbol) [0x006E805D]
	GetHandleVerifier [0x00AD6613+2872547]
	GetHandleVerifier [0x00B2BADD+3221933]
	GetHandleVerifier [0x008A2A94+563556]
	GetHandleVerifier [0x008A9DCC+593052]
	(No symbol) [0x007BE3A4]
	(No symbol) [0x007BAE08]
	(No symbol) [0x007BAFA7]
	(No symbol) [0x007AD0AE]
	BaseThreadInitThunk [0x76907BA9+25]
	RtlInitializeExceptionChain [0x7771C10B+107]
	RtlClearBits [0x7771C08F+191]

2024-08-25 12:41:16 - INFO - user4@example.com - 验证码输入失败。Error: Message: 
Stacktrace:
	GetHandleVerifier [0x0081FD33+27651]
	(No symbol) [0x007B5554]
	(No symbol) [0x006B1ADF]
	(No symbol) [0x006F2BFE]
	(No symbol) [0x006F2CDB]
	(No symbol) [0x0072EBD2]
	(No symbol) [0x00713954]
	(No symbol) [0x0072CA7D]
	(No symbol) [0x007136A6]
	(No symbol) [0x006E74E1]
	(No symbol) [0x006E805D]
	GetHandleVerifier [0x00AD6613+2872547]
	GetHandleVerifier [0x00B2BADD+3221933]
	GetHandleVerifier [0x008A2A94+563556]
	GetHandleVerifier [0x008A9DCC+593052]
	(No symbol) [0x007BE3A4]
	(No symbol) [0x007BAE08]
	(No symbol) [0x007BAFA7]
	(No symbol) [0x007AD0AE]
	BaseThreadInitThunk [0x76907BA9+25]
	RtlInitializeExceptionChain [0x7771C10B+107]
	RtlClearBits [0x7771C08F+191]

2024-08-25 12:41:16 - INFO - 账号 user4@example.com 注册成功
2024-08-25 12:41:32 - INFO - 注册复选框未找到或无法点击，继续执行。Error: Message: no such element: Unable to locate element: {"method":"css selector","selector":"[name="cookies"]"}
  (Session info: chrome=126.0.6478.164); For documentation on this error, please visit: https://www.selenium.dev/documentation/webdriver/troubleshooting/errors#no-such-element-exception
Stacktrace:
	GetHandleVerifier [0x0081FD33+27651]
	(No symbol) [0x007B5554]
	(No symbol) [0x006B1ADF]
	(No symbol) [0x006F2BFE]
	(No symbol) [0x006F2CDB]
	(No symbol) [0x0072EBD2]
	(No symbol) [0x00713954]
	(No symbol) [0x0072CA7D]
	(No symbol) [0x007136A6]
	(No symbol) [0x006E74E1]
	(No symbol) [0x006E805D]
	GetHandleVerifier [0x00AD6613+2872547]
	GetHandleVerifier [0x00B2BADD+3221933]
	GetHandleVerifier [0x008A2A94+563556]
	GetHandleVerifier [0x008A9DCC+593052]
	(No symbol) [0x007BE3A4]
	(No symbol) [0x007BAE08]
	(No symbol) [0x007BAFA7]
	(No symbol) [0x007AD0AE]
	BaseThreadInitThunk [0x76907BA9+25]
	RtlInitializeExceptionChain [0x7771C10B+107]
	RtlClearBits [0x7771C08F+191]

2024-08-25 12:41:48 - INFO - user2@example.com - 验证码输入失败。Error: Message: 
Stacktrace:
	GetHandleVerifier [0x0081FD33+27651]
	(No symbol) [0x007B5554]
	(No symbol) [0x006B1ADF]
	(No symbol) [0x006F2BFE]
	(No symbol) [0x006F2CDB]
	(No symbol) [0x0072EBD2]
	(No symbol) [0x00713954]
	(No symbol) [0x0072CA7D]
	(No symbol) [0x007136A6]
	(No symbol) [0x006E74E1]
	(No symbol) [0x006E805D]
	GetHandleVerifier [0x00AD6613+2872547]
	GetHandleVerifier [0x00B2BADD+3221933]
	GetHandleVerifier [0x008A2A94+563556]
	GetHandleVerifier [0x008A9DCC+593052]
	(No symbol) [0x007BE3A4]
	(No symbol) [0x007BAE08]
	(No symbol) [0x007BAFA7]
	(No symbol) [0x007AD0AE]
	BaseThreadInitThunk [0x76907BA9+25]
	RtlInitializeExceptionChain [0x7771C10B+107]
	RtlClearBits [0x7771C08F+191]

2024-08-25 12:41:48 - INFO - 账号 user2@example.com 注册成功
2024-08-25 12:42:04 - INFO - 注册复选框未找到或无法点击，继续执行。Error: Message: no such element: Unable to locate element: {"method":"css selector","selector":"[name="cookies"]"}
  (Session info: chrome=126.0.6478.164); For documentation on this error, please visit: https://www.selenium.dev/documentation/webdriver/troubleshooting/errors#no-such-element-exception
Stacktrace:
	GetHandleVerifier [0x0081FD33+27651]
	(No symbol) [0x007B5554]
	(No symbol) [0x006B1ADF]
	(No symbol) [0x006F2BFE]
	(No symbol) [0x006F2CDB]
	(No symbol) [0x0072EBD2]
	(No symbol) [0x00713954]
	(No symbol) [0x0072CA7D]
	(No symbol) [0x007136A6]
	(No symbol) [0x006E74E1]
	(No symbol) [0x006E805D]
	GetHandleVerifier [0x00AD6613+2872547]
	GetHandleVerifier [0x00B2BADD+3221933]
	GetHandleVerifier [0x008A2A94+563556]
	GetHandleVerifier [0x008A9DCC+593052]
	(No symbol) [0x007BE3A4]
	(No symbol) [0x007BAE08]
	(No symbol) [0x007BAFA7]
	(No symbol) [0x007AD0AE]
	BaseThreadInitThunk [0x76907BA9+25]
	RtlInitializeExceptionChain [0x7771C10B+107]
	RtlClearBits [0x7771C08F+191]

2024-08-25 12:42:25 - INFO - 自动加载了 5 个账号
2024-08-25 12:42:25 - INFO - 自动加载了 2 个代理
2024-08-25 12:42:25 - INFO - 自动加载了 2 个商品链接
2024-08-25 12:42:57 - INFO - 注册线程启动...
2024-08-25 12:42:57 - INFO - 找到 5 个未注册账号
2024-08-25 12:43:00 - INFO - 正在停止所有线程...
2024-08-25 12:46:32 - INFO - 自动加载了 5 个账号
2024-08-25 12:46:32 - INFO - 自动加载了 2 个代理
2024-08-25 12:46:32 - INFO - 自动加载了 2 个商品链接
2024-08-25 12:46:37 - INFO - 注册线程启动...
2024-08-25 12:46:37 - INFO - 找到 5 个未注册账号
2024-08-25 12:46:43 - INFO - 正在停止所有线程...
2024-08-25 12:46:51 - INFO - 注册复选框未找到或无法点击，继续执行。Error: Message: no such element: Unable to locate element: {"method":"css selector","selector":"[name="cookies"]"}
  (Session info: chrome=126.0.6478.164); For documentation on this error, please visit: https://www.selenium.dev/documentation/webdriver/troubleshooting/errors#no-such-element-exception
Stacktrace:
	GetHandleVerifier [0x0081FD33+27651]
	(No symbol) [0x007B5554]
	(No symbol) [0x006B1ADF]
	(No symbol) [0x006F2BFE]
	(No symbol) [0x006F2CDB]
	(No symbol) [0x0072EBD2]
	(No symbol) [0x00713954]
	(No symbol) [0x0072CA7D]
	(No symbol) [0x007136A6]
	(No symbol) [0x006E74E1]
	(No symbol) [0x006E805D]
	GetHandleVerifier [0x00AD6613+2872547]
	GetHandleVerifier [0x00B2BADD+3221933]
	GetHandleVerifier [0x008A2A94+563556]
	GetHandleVerifier [0x008A9DCC+593052]
	(No symbol) [0x007BE3A4]
	(No symbol) [0x007BAE08]
	(No symbol) [0x007BAFA7]
	(No symbol) [0x007AD0AE]
	BaseThreadInitThunk [0x76907BA9+25]
	RtlInitializeExceptionChain [0x7771C10B+107]
	RtlClearBits [0x7771C08F+191]

2024-08-25 12:47:02 - INFO - 注册线程启动...
2024-08-25 12:47:02 - INFO - 找到 5 个未注册账号
2024-08-25 12:47:02 - INFO - 所有账号注册完成
2024-08-25 12:47:02 - INFO - 账号配置文件已保存
2024-08-25 12:47:02 - INFO - 代理配置文件已保存
2024-08-25 12:47:02 - INFO - 商品链接配置文件已保存
2024-08-25 12:47:02 - INFO - 自动加载了 5 个账号
2024-08-25 12:47:02 - INFO - 自动加载了 2 个代理
2024-08-25 12:47:02 - INFO - 自动加载了 2 个商品链接
2024-08-25 12:47:07 - INFO - user1@example.com - 验证码输入失败。Error: Message: 
Stacktrace:
	GetHandleVerifier [0x0081FD33+27651]
	(No symbol) [0x007B5554]
	(No symbol) [0x006B1ADF]
	(No symbol) [0x006F2BFE]
	(No symbol) [0x006F2CDB]
	(No symbol) [0x0072EBD2]
	(No symbol) [0x00713954]
	(No symbol) [0x0072CA7D]
	(No symbol) [0x007136A6]
	(No symbol) [0x006E74E1]
	(No symbol) [0x006E805D]
	GetHandleVerifier [0x00AD6613+2872547]
	GetHandleVerifier [0x00B2BADD+3221933]
	GetHandleVerifier [0x008A2A94+563556]
	GetHandleVerifier [0x008A9DCC+593052]
	(No symbol) [0x007BE3A4]
	(No symbol) [0x007BAE08]
	(No symbol) [0x007BAFA7]
	(No symbol) [0x007AD0AE]
	BaseThreadInitThunk [0x76907BA9+25]
	RtlInitializeExceptionChain [0x7771C10B+107]
	RtlClearBits [0x7771C08F+191]

2024-08-25 12:47:07 - INFO - 账号 user1@example.com 注册成功
2024-08-25 12:47:16 - INFO - 所有账号注册完成
2024-08-25 12:47:16 - INFO - 账号配置文件已保存
2024-08-25 12:47:16 - INFO - 代理配置文件已保存
2024-08-25 12:47:16 - INFO - 商品链接配置文件已保存
2024-08-25 12:47:16 - INFO - 自动加载了 5 个账号
2024-08-25 12:47:16 - INFO - 自动加载了 2 个代理
2024-08-25 12:47:16 - INFO - 自动加载了 2 个商品链接
2024-08-25 12:50:08 - INFO - 自动加载了 5 个账号
2024-08-25 12:50:08 - INFO - 自动加载了 2 个代理
2024-08-25 12:50:08 - INFO - 自动加载了 2 个商品链接
2024-08-25 12:50:12 - INFO - 注册线程启动...
2024-08-25 12:50:12 - INFO - 找到 4 个未注册账号
2024-08-25 12:50:23 - INFO - 正在停止所有线程...
2024-08-25 12:50:26 - INFO - 注册复选框未找到或无法点击，继续执行。Error: 'NoneType' object has no attribute 'is_selected'
2024-08-25 12:50:35 - INFO - 所有账号注册完成
2024-08-25 12:50:35 - INFO - 账号配置文件已保存
2024-08-25 12:50:35 - INFO - 代理配置文件已保存
2024-08-25 12:50:35 - INFO - 商品链接配置文件已保存
2024-08-25 12:50:35 - INFO - 自动加载了 5 个账号
2024-08-25 12:50:35 - INFO - 自动加载了 2 个代理
2024-08-25 12:50:35 - INFO - 自动加载了 2 个商品链接
2024-08-25 12:50:40 - INFO - 账号配置文件已保存
2024-08-25 12:50:40 - INFO - 代理配置文件已保存
2024-08-25 12:50:40 - INFO - 商品链接配置文件已保存
2024-08-25 12:50:40 - INFO - 修改了表格中的一个单元格并已保存
2024-08-25 12:50:42 - INFO - 注册线程启动...
2024-08-25 12:50:42 - INFO - 找到 4 个未注册账号
2024-08-25 12:50:56 - INFO - 注册复选框未找到或无法点击，继续执行。Error: Message: no such element: Unable to locate element: {"method":"css selector","selector":"[name="cookies"]"}
  (Session info: chrome=126.0.6478.164); For documentation on this error, please visit: https://www.selenium.dev/documentation/webdriver/troubleshooting/errors#no-such-element-exception
Stacktrace:
	GetHandleVerifier [0x0081FD33+27651]
	(No symbol) [0x007B5554]
	(No symbol) [0x006B1ADF]
	(No symbol) [0x006F2BFE]
	(No symbol) [0x006F2CDB]
	(No symbol) [0x0072EBD2]
	(No symbol) [0x00713954]
	(No symbol) [0x0072CA7D]
	(No symbol) [0x007136A6]
	(No symbol) [0x006E74E1]
	(No symbol) [0x006E805D]
	GetHandleVerifier [0x00AD6613+2872547]
	GetHandleVerifier [0x00B2BADD+3221933]
	GetHandleVerifier [0x008A2A94+563556]
	GetHandleVerifier [0x008A9DCC+593052]
	(No symbol) [0x007BE3A4]
	(No symbol) [0x007BAE08]
	(No symbol) [0x007BAFA7]
	(No symbol) [0x007AD0AE]
	BaseThreadInitThunk [0x76907BA9+25]
	RtlInitializeExceptionChain [0x7771C10B+107]
	RtlClearBits [0x7771C08F+191]

2024-08-25 12:51:13 - INFO - user2@example.com - 验证码输入失败。Error: Message: 
Stacktrace:
	GetHandleVerifier [0x0081FD33+27651]
	(No symbol) [0x007B5554]
	(No symbol) [0x006B1ADF]
	(No symbol) [0x006F2BFE]
	(No symbol) [0x006F2CDB]
	(No symbol) [0x0072EBD2]
	(No symbol) [0x00713954]
	(No symbol) [0x0072CA7D]
	(No symbol) [0x007136A6]
	(No symbol) [0x006E74E1]
	(No symbol) [0x006E805D]
	GetHandleVerifier [0x00AD6613+2872547]
	GetHandleVerifier [0x00B2BADD+3221933]
	GetHandleVerifier [0x008A2A94+563556]
	GetHandleVerifier [0x008A9DCC+593052]
	(No symbol) [0x007BE3A4]
	(No symbol) [0x007BAE08]
	(No symbol) [0x007BAFA7]
	(No symbol) [0x007AD0AE]
	BaseThreadInitThunk [0x76907BA9+25]
	RtlInitializeExceptionChain [0x7771C10B+107]
	RtlClearBits [0x7771C08F+191]

2024-08-25 12:51:13 - INFO - 账号 user2@example.com 注册成功
2024-08-25 12:51:20 - INFO - 所有账号注册完成
2024-08-25 12:51:20 - INFO - 账号配置文件已保存
2024-08-25 12:51:20 - INFO - 代理配置文件已保存
2024-08-25 12:51:20 - INFO - 商品链接配置文件已保存
2024-08-25 12:51:20 - INFO - 自动加载了 5 个账号
2024-08-25 12:51:20 - INFO - 自动加载了 2 个代理
2024-08-25 12:51:20 - INFO - 自动加载了 2 个商品链接
2024-08-25 12:58:51 - INFO - 自动加载了 5 个账号
2024-08-25 12:58:51 - INFO - 自动加载了 2 个代理
2024-08-25 12:58:51 - INFO - 自动加载了 2 个商品链接
2024-08-25 12:58:55 - INFO - 注册线程启动...
2024-08-25 12:58:55 - INFO - 找到 3 个未注册账号
2024-08-25 12:59:04 - INFO - 所有账号注册完成
2024-08-25 12:59:04 - INFO - 账号配置文件已保存
2024-08-25 12:59:04 - INFO - 代理配置文件已保存
2024-08-25 12:59:04 - INFO - 商品链接配置文件已保存
2024-08-25 12:59:04 - INFO - 自动加载了 5 个账号
2024-08-25 12:59:04 - INFO - 自动加载了 2 个代理
2024-08-25 12:59:04 - INFO - 自动加载了 2 个商品链接
2024-08-25 12:59:24 - INFO - 自动加载了 5 个账号
2024-08-25 12:59:24 - INFO - 自动加载了 2 个代理
2024-08-25 12:59:24 - INFO - 自动加载了 2 个商品链接
2024-08-25 12:59:27 - INFO - 注册线程启动...
2024-08-25 12:59:27 - INFO - 找到 3 个未注册账号
2024-08-25 12:59:37 - INFO - 所有账号注册完成
2024-08-25 12:59:37 - INFO - 账号配置文件已保存
2024-08-25 12:59:37 - INFO - 代理配置文件已保存
2024-08-25 12:59:37 - INFO - 商品链接配置文件已保存
2024-08-25 12:59:37 - INFO - 自动加载了 5 个账号
2024-08-25 12:59:37 - INFO - 自动加载了 2 个代理
2024-08-25 12:59:37 - INFO - 自动加载了 2 个商品链接
2024-08-25 13:00:20 - INFO - 自动加载了 5 个账号
2024-08-25 13:00:20 - INFO - 自动加载了 2 个代理
2024-08-25 13:00:20 - INFO - 自动加载了 2 个商品链接
2024-08-25 13:00:22 - INFO - 注册线程启动...
2024-08-25 13:00:22 - INFO - 找到 3 个未注册账号
2024-08-25 13:00:24 - INFO - Starting the registration process.
2024-08-25 13:00:35 - INFO - 注册复选框未找到或无法点击，继续执行。Error: Message: no such element: Unable to locate element: {"method":"css selector","selector":"[name="cookies"]"}
  (Session info: chrome=126.0.6478.164); For documentation on this error, please visit: https://www.selenium.dev/documentation/webdriver/troubleshooting/errors#no-such-element-exception
Stacktrace:
	GetHandleVerifier [0x0081FD33+27651]
	(No symbol) [0x007B5554]
	(No symbol) [0x006B1ADF]
	(No symbol) [0x006F2BFE]
	(No symbol) [0x006F2CDB]
	(No symbol) [0x0072EBD2]
	(No symbol) [0x00713954]
	(No symbol) [0x0072CA7D]
	(No symbol) [0x007136A6]
	(No symbol) [0x006E74E1]
	(No symbol) [0x006E805D]
	GetHandleVerifier [0x00AD6613+2872547]
	GetHandleVerifier [0x00B2BADD+3221933]
	GetHandleVerifier [0x008A2A94+563556]
	GetHandleVerifier [0x008A9DCC+593052]
	(No symbol) [0x007BE3A4]
	(No symbol) [0x007BAE08]
	(No symbol) [0x007BAFA7]
	(No symbol) [0x007AD0AE]
	BaseThreadInitThunk [0x76907BA9+25]
	RtlInitializeExceptionChain [0x7771C10B+107]
	RtlClearBits [0x7771C08F+191]

2024-08-25 13:00:44 - INFO - user3@example.com - 验证码输入失败。Error: ('Connection aborted.', ConnectionResetError(10054, '远程主机强迫关闭了一个现有的连接。', None, 10054, None))
2024-08-25 13:00:47 - INFO - 自动加载了 5 个账号
2024-08-25 13:00:47 - INFO - 自动加载了 2 个代理
2024-08-25 13:00:47 - INFO - 自动加载了 2 个商品链接
2024-08-25 13:00:49 - INFO - 注册线程启动...
2024-08-25 13:00:49 - INFO - 找到 3 个未注册账号
2024-08-25 13:00:51 - INFO - Starting the registration process.
2024-08-25 13:01:02 - INFO - 注册复选框未找到或无法点击，继续执行。Error: Message: no such element: Unable to locate element: {"method":"css selector","selector":"[name="cookies"]"}
  (Session info: chrome=126.0.6478.164); For documentation on this error, please visit: https://www.selenium.dev/documentation/webdriver/troubleshooting/errors#no-such-element-exception
Stacktrace:
	GetHandleVerifier [0x0081FD33+27651]
	(No symbol) [0x007B5554]
	(No symbol) [0x006B1ADF]
	(No symbol) [0x006F2BFE]
	(No symbol) [0x006F2CDB]
	(No symbol) [0x0072EBD2]
	(No symbol) [0x00713954]
	(No symbol) [0x0072CA7D]
	(No symbol) [0x007136A6]
	(No symbol) [0x006E74E1]
	(No symbol) [0x006E805D]
	GetHandleVerifier [0x00AD6613+2872547]
	GetHandleVerifier [0x00B2BADD+3221933]
	GetHandleVerifier [0x008A2A94+563556]
	GetHandleVerifier [0x008A9DCC+593052]
	(No symbol) [0x007BE3A4]
	(No symbol) [0x007BAE08]
	(No symbol) [0x007BAFA7]
	(No symbol) [0x007AD0AE]
	BaseThreadInitThunk [0x76907BA9+25]
	RtlInitializeExceptionChain [0x7771C10B+107]
	RtlClearBits [0x7771C08F+191]

2024-08-25 13:01:18 - INFO - user3@example.com - 验证码输入失败。Error: Message: 
Stacktrace:
	GetHandleVerifier [0x0081FD33+27651]
	(No symbol) [0x007B5554]
	(No symbol) [0x006B1ADF]
	(No symbol) [0x006F2BFE]
	(No symbol) [0x006F2CDB]
	(No symbol) [0x0072EBD2]
	(No symbol) [0x00713954]
	(No symbol) [0x0072CA7D]
	(No symbol) [0x007136A6]
	(No symbol) [0x006E74E1]
	(No symbol) [0x006E805D]
	GetHandleVerifier [0x00AD6613+2872547]
	GetHandleVerifier [0x00B2BADD+3221933]
	GetHandleVerifier [0x008A2A94+563556]
	GetHandleVerifier [0x008A9DCC+593052]
	(No symbol) [0x007BE3A4]
	(No symbol) [0x007BAE08]
	(No symbol) [0x007BAFA7]
	(No symbol) [0x007AD0AE]
	BaseThreadInitThunk [0x76907BA9+25]
	RtlInitializeExceptionChain [0x7771C10B+107]
	RtlClearBits [0x7771C08F+191]

2024-08-25 13:02:03 - INFO - 自动加载了 5 个账号
2024-08-25 13:02:03 - INFO - 自动加载了 2 个代理
2024-08-25 13:02:03 - INFO - 自动加载了 2 个商品链接
2024-08-25 13:02:10 - INFO - 注册线程启动...
2024-08-25 13:02:10 - INFO - 找到 3 个未注册账号
2024-08-25 13:02:12 - INFO - Starting the registration process.
2024-08-25 13:02:22 - INFO - 注册复选框未找到或无法点击，继续执行。Error: Message: no such element: Unable to locate element: {"method":"css selector","selector":"[name="cookies"]"}
  (Session info: chrome=126.0.6478.164); For documentation on this error, please visit: https://www.selenium.dev/documentation/webdriver/troubleshooting/errors#no-such-element-exception
Stacktrace:
	GetHandleVerifier [0x0081FD33+27651]
	(No symbol) [0x007B5554]
	(No symbol) [0x006B1ADF]
	(No symbol) [0x006F2BFE]
	(No symbol) [0x006F2CDB]
	(No symbol) [0x0072EBD2]
	(No symbol) [0x00713954]
	(No symbol) [0x0072CA7D]
	(No symbol) [0x007136A6]
	(No symbol) [0x006E74E1]
	(No symbol) [0x006E805D]
	GetHandleVerifier [0x00AD6613+2872547]
	GetHandleVerifier [0x00B2BADD+3221933]
	GetHandleVerifier [0x008A2A94+563556]
	GetHandleVerifier [0x008A9DCC+593052]
	(No symbol) [0x007BE3A4]
	(No symbol) [0x007BAE08]
	(No symbol) [0x007BAFA7]
	(No symbol) [0x007AD0AE]
	BaseThreadInitThunk [0x76907BA9+25]
	RtlInitializeExceptionChain [0x7771C10B+107]
	RtlClearBits [0x7771C08F+191]

2024-08-25 13:02:29 - INFO - user3@example.com - 验证码输入失败。Error: 'NoneType' object has no attribute 'is_displayed'
2024-08-25 13:02:34 - INFO - 注册线程启动...
2024-08-25 13:02:34 - INFO - 找到 3 个未注册账号
2024-08-25 13:02:44 - INFO - 自动加载了 5 个账号
2024-08-25 13:02:44 - INFO - 自动加载了 2 个代理
2024-08-25 13:02:44 - INFO - 自动加载了 2 个商品链接
2024-08-25 13:02:46 - INFO - 注册线程启动...
2024-08-25 13:02:46 - INFO - 找到 3 个未注册账号
2024-08-25 13:02:49 - INFO - Starting the registration process.
2024-08-25 13:02:59 - INFO - 注册复选框未找到或无法点击，继续执行。Error: Message: no such element: Unable to locate element: {"method":"css selector","selector":"[name="cookies"]"}
  (Session info: chrome=126.0.6478.164); For documentation on this error, please visit: https://www.selenium.dev/documentation/webdriver/troubleshooting/errors#no-such-element-exception
Stacktrace:
	GetHandleVerifier [0x0081FD33+27651]
	(No symbol) [0x007B5554]
	(No symbol) [0x006B1ADF]
	(No symbol) [0x006F2BFE]
	(No symbol) [0x006F2CDB]
	(No symbol) [0x0072EBD2]
	(No symbol) [0x00713954]
	(No symbol) [0x0072CA7D]
	(No symbol) [0x007136A6]
	(No symbol) [0x006E74E1]
	(No symbol) [0x006E805D]
	GetHandleVerifier [0x00AD6613+2872547]
	GetHandleVerifier [0x00B2BADD+3221933]
	GetHandleVerifier [0x008A2A94+563556]
	GetHandleVerifier [0x008A9DCC+593052]
	(No symbol) [0x007BE3A4]
	(No symbol) [0x007BAE08]
	(No symbol) [0x007BAFA7]
	(No symbol) [0x007AD0AE]
	BaseThreadInitThunk [0x76907BA9+25]
	RtlInitializeExceptionChain [0x7771C10B+107]
	RtlClearBits [0x7771C08F+191]

2024-08-25 13:03:16 - INFO - user3@example.com - 验证码输入失败。Error: Message: 
Stacktrace:
	GetHandleVerifier [0x0081FD33+27651]
	(No symbol) [0x007B5554]
	(No symbol) [0x006B1ADF]
	(No symbol) [0x006F2BFE]
	(No symbol) [0x006F2CDB]
	(No symbol) [0x0072EBD2]
	(No symbol) [0x00713954]
	(No symbol) [0x0072CA7D]
	(No symbol) [0x007136A6]
	(No symbol) [0x006E74E1]
	(No symbol) [0x006E805D]
	GetHandleVerifier [0x00AD6613+2872547]
	GetHandleVerifier [0x00B2BADD+3221933]
	GetHandleVerifier [0x008A2A94+563556]
	GetHandleVerifier [0x008A9DCC+593052]
	(No symbol) [0x007BE3A4]
	(No symbol) [0x007BAE08]
	(No symbol) [0x007BAFA7]
	(No symbol) [0x007AD0AE]
	BaseThreadInitThunk [0x76907BA9+25]
	RtlInitializeExceptionChain [0x7771C10B+107]
	RtlClearBits [0x7771C08F+191]

2024-08-25 13:03:20 - WARNING - Retrying (Retry(total=2, connect=None, read=None, redirect=None, status=None)) after connection broken by 'ConnectionResetError(10054, '远程主机强迫关闭了一个现有的连接。', None, 10054, None)': /session/005f497531829d87fd0f5104b4544f3a
2024-08-25 13:03:25 - INFO - 自动加载了 5 个账号
2024-08-25 13:03:25 - INFO - 自动加载了 2 个代理
2024-08-25 13:03:25 - INFO - 自动加载了 2 个商品链接
2024-08-25 13:03:27 - INFO - 注册线程启动...
2024-08-25 13:03:27 - INFO - 找到 3 个未注册账号
2024-08-25 13:03:29 - INFO - Starting the registration process.
2024-08-25 13:03:39 - INFO - 注册复选框未找到或无法点击，继续执行。Error: Message: no such element: Unable to locate element: {"method":"css selector","selector":"[name="cookies"]"}
  (Session info: chrome=126.0.6478.164); For documentation on this error, please visit: https://www.selenium.dev/documentation/webdriver/troubleshooting/errors#no-such-element-exception
Stacktrace:
	GetHandleVerifier [0x0081FD33+27651]
	(No symbol) [0x007B5554]
	(No symbol) [0x006B1ADF]
	(No symbol) [0x006F2BFE]
	(No symbol) [0x006F2CDB]
	(No symbol) [0x0072EBD2]
	(No symbol) [0x00713954]
	(No symbol) [0x0072CA7D]
	(No symbol) [0x007136A6]
	(No symbol) [0x006E74E1]
	(No symbol) [0x006E805D]
	GetHandleVerifier [0x00AD6613+2872547]
	GetHandleVerifier [0x00B2BADD+3221933]
	GetHandleVerifier [0x008A2A94+563556]
	GetHandleVerifier [0x008A9DCC+593052]
	(No symbol) [0x007BE3A4]
	(No symbol) [0x007BAE08]
	(No symbol) [0x007BAFA7]
	(No symbol) [0x007AD0AE]
	BaseThreadInitThunk [0x76907BA9+25]
	RtlInitializeExceptionChain [0x7771C10B+107]
	RtlClearBits [0x7771C08F+191]

2024-08-25 13:03:46 - INFO - user1233@example.com - 验证码输入成功
2024-08-25 13:05:15 - INFO - 自动加载了 5 个账号
2024-08-25 13:05:15 - INFO - 自动加载了 2 个代理
2024-08-25 13:05:15 - INFO - 自动加载了 2 个商品链接
2024-08-25 13:05:19 - INFO - 注册线程启动...
2024-08-25 13:05:19 - INFO - 找到 3 个未注册账号
2024-08-25 13:05:22 - INFO - Starting the registration process.
2024-08-25 13:05:33 - INFO - 注册复选框未找到或无法点击，继续执行。Error: Message: no such element: Unable to locate element: {"method":"css selector","selector":"[name="cookies"]"}
  (Session info: chrome=126.0.6478.164); For documentation on this error, please visit: https://www.selenium.dev/documentation/webdriver/troubleshooting/errors#no-such-element-exception
Stacktrace:
	GetHandleVerifier [0x0081FD33+27651]
	(No symbol) [0x007B5554]
	(No symbol) [0x006B1ADF]
	(No symbol) [0x006F2BFE]
	(No symbol) [0x006F2CDB]
	(No symbol) [0x0072EBD2]
	(No symbol) [0x00713954]
	(No symbol) [0x0072CA7D]
	(No symbol) [0x007136A6]
	(No symbol) [0x006E74E1]
	(No symbol) [0x006E805D]
	GetHandleVerifier [0x00AD6613+2872547]
	GetHandleVerifier [0x00B2BADD+3221933]
	GetHandleVerifier [0x008A2A94+563556]
	GetHandleVerifier [0x008A9DCC+593052]
	(No symbol) [0x007BE3A4]
	(No symbol) [0x007BAE08]
	(No symbol) [0x007BAFA7]
	(No symbol) [0x007AD0AE]
	BaseThreadInitThunk [0x76907BA9+25]
	RtlInitializeExceptionChain [0x7771C10B+107]
	RtlClearBits [0x7771C08F+191]

2024-08-25 13:05:50 - INFO - user1233@example.com - 验证码输入失败。Error: Message: 
Stacktrace:
	GetHandleVerifier [0x0081FD33+27651]
	(No symbol) [0x007B5554]
	(No symbol) [0x006B1ADF]
	(No symbol) [0x006F2BFE]
	(No symbol) [0x006F2CDB]
	(No symbol) [0x0072EBD2]
	(No symbol) [0x00713954]
	(No symbol) [0x0072CA7D]
	(No symbol) [0x007136A6]
	(No symbol) [0x006E74E1]
	(No symbol) [0x006E805D]
	GetHandleVerifier [0x00AD6613+2872547]
	GetHandleVerifier [0x00B2BADD+3221933]
	GetHandleVerifier [0x008A2A94+563556]
	GetHandleVerifier [0x008A9DCC+593052]
	(No symbol) [0x007BE3A4]
	(No symbol) [0x007BAE08]
	(No symbol) [0x007BAFA7]
	(No symbol) [0x007AD0AE]
	BaseThreadInitThunk [0x76907BA9+25]
	RtlInitializeExceptionChain [0x7771C10B+107]
	RtlClearBits [0x7771C08F+191]

2024-08-25 13:06:01 - INFO - 自动加载了 5 个账号
2024-08-25 13:06:01 - INFO - 自动加载了 2 个代理
2024-08-25 13:06:01 - INFO - 自动加载了 2 个商品链接
2024-08-25 13:06:03 - INFO - 注册线程启动...
2024-08-25 13:06:03 - INFO - 找到 3 个未注册账号
2024-08-25 13:06:05 - INFO - Starting the registration process.
2024-08-25 13:06:17 - INFO - u1ser1233@example.com - 验证码输入失败。Error: Message: disconnected: unable to send message to renderer
  (failed to check if window was closed: disconnected: not connected to DevTools)
  (Session info: chrome=126.0.6478.164)
Stacktrace:
	GetHandleVerifier [0x0081FD33+27651]
	(No symbol) [0x007B5554]
	(No symbol) [0x006B1ADF]
	(No symbol) [0x0069CE2C]
	(No symbol) [0x0069CDB6]
	(No symbol) [0x0069B989]
	(No symbol) [0x0069C35D]
	(No symbol) [0x006B4D5F]
	(No symbol) [0x006B5522]
	(No symbol) [0x006B8858]
	(No symbol) [0x006B88D0]
	(No symbol) [0x006F2847]
	(No symbol) [0x006F2CDB]
	(No symbol) [0x0072EBD2]
	(No symbol) [0x00713954]
	(No symbol) [0x0072CA7D]
	(No symbol) [0x007136A6]
	(No symbol) [0x006E74E1]
	(No symbol) [0x006E805D]
	GetHandleVerifier [0x00AD6613+2872547]
	GetHandleVerifier [0x00B2BADD+3221933]
	GetHandleVerifier [0x008A2A94+563556]
	GetHandleVerifier [0x008A9DCC+593052]
	(No symbol) [0x007BE3A4]
	(No symbol) [0x007BAE08]
	(No symbol) [0x007BAFA7]
	(No symbol) [0x007AD0AE]
	BaseThreadInitThunk [0x76907BA9+25]
	RtlInitializeExceptionChain [0x7771C10B+107]
	RtlClearBits [0x7771C08F+191]

2024-08-25 13:06:59 - INFO - 自动加载了 5 个账号
2024-08-25 13:06:59 - INFO - 自动加载了 2 个代理
2024-08-25 13:06:59 - INFO - 自动加载了 2 个商品链接
2024-08-25 13:07:01 - INFO - 注册线程启动...
2024-08-25 13:07:01 - INFO - 找到 3 个未注册账号
2024-08-25 13:07:05 - INFO - Starting the registration process.
2024-08-25 13:07:12 - INFO - u1ser1233@example.com - 验证码输入成功
2024-08-25 13:12:06 - INFO - 自动加载了 5 个账号
2024-08-25 13:12:06 - INFO - 自动加载了 2 个代理
2024-08-25 13:12:06 - INFO - 自动加载了 2 个商品链接
2024-08-25 13:12:09 - INFO - 注册线程启动...
2024-08-25 13:12:09 - INFO - 找到 3 个未注册账号
2024-08-25 13:12:11 - INFO - Starting the registration process.
2024-08-25 13:12:24 - INFO - u1ser1233@example.com - 验证码输入失败。Error: ('Connection aborted.', ConnectionResetError(10054, '远程主机强迫关闭了一个现有的连接。', None, 10054, None))
2024-08-25 13:12:24 - INFO - abc
2024-08-25 13:12:24 - INFO - 账号 u1ser1233@example.com 注册成功
2024-08-25 13:12:30 - INFO - 自动加载了 5 个账号
2024-08-25 13:12:30 - INFO - 自动加载了 2 个代理
2024-08-25 13:12:30 - INFO - 自动加载了 2 个商品链接
2024-08-25 13:12:32 - INFO - 注册线程启动...
2024-08-25 13:12:32 - INFO - 找到 3 个未注册账号
2024-08-25 13:12:36 - INFO - Starting the registration process.
2024-08-25 13:12:50 - ERROR - An error occurred during registration: Message: 

2024-08-25 13:12:50 - INFO - abc
2024-08-25 13:12:50 - INFO - 账号 u1ser1233@example.com 注册成功
2024-08-25 13:12:52 - INFO - abc
2024-08-25 13:13:22 - INFO - Starting the registration process.
2024-08-25 13:13:36 - ERROR - An error occurred during registration: Message: 

2024-08-25 13:13:36 - INFO - abc
2024-08-25 13:13:36 - INFO - 账号 use1r1234@example.com 注册成功
2024-08-25 13:13:40 - INFO - abc
2024-08-25 13:13:59 - INFO - Starting the registration process.
2024-08-25 13:14:14 - ERROR - An error occurred during registration: Message: 

2024-08-25 13:14:14 - INFO - abc
2024-08-25 13:14:14 - INFO - 账号 u1se123r5@example.com 注册成功
2024-08-25 13:14:18 - INFO - abc
2024-08-25 13:14:50 - INFO - 所有账号注册完成
2024-08-25 13:14:50 - INFO - 账号配置文件已保存
2024-08-25 13:14:50 - INFO - 代理配置文件已保存
2024-08-25 13:14:50 - INFO - 商品链接配置文件已保存
2024-08-25 13:14:50 - INFO - 自动加载了 5 个账号
2024-08-25 13:14:50 - INFO - 自动加载了 2 个代理
2024-08-25 13:14:50 - INFO - 自动加载了 2 个商品链接
2024-08-25 13:16:50 - INFO - 自动加载了 5 个账号
2024-08-25 13:16:50 - INFO - 自动加载了 2 个代理
2024-08-25 13:16:50 - INFO - 自动加载了 2 个商品链接
2024-08-25 13:16:52 - INFO - 注册线程启动...
2024-08-25 13:16:52 - INFO - 找到 0 个未注册账号
2024-08-25 13:16:52 - INFO - 所有账号注册完成
2024-08-25 13:16:52 - INFO - 账号配置文件已保存
2024-08-25 13:16:52 - INFO - 代理配置文件已保存
2024-08-25 13:16:52 - INFO - 商品链接配置文件已保存
2024-08-25 13:16:52 - INFO - 自动加载了 5 个账号
2024-08-25 13:16:52 - INFO - 自动加载了 2 个代理
2024-08-25 13:16:52 - INFO - 自动加载了 2 个商品链接
2024-08-25 13:17:32 - INFO - 自动加载了 5 个账号
2024-08-25 13:17:32 - INFO - 自动加载了 2 个代理
2024-08-25 13:17:32 - INFO - 自动加载了 2 个商品链接
2024-08-25 13:17:33 - INFO - 注册线程启动...
2024-08-25 13:17:33 - INFO - 找到 5 个未注册账号
2024-08-25 13:17:41 - INFO - Starting the registration process.
2024-08-25 13:17:55 - ERROR - An error occurred during registration: Message: 

2024-08-25 13:17:56 - INFO - abc
2024-08-25 13:17:56 - INFO - 账号 u1s2er121@example.com 注册成功
2024-08-25 13:18:02 - INFO - abc
2024-08-25 13:18:18 - INFO - 账号 u1s2er121@example.com 加入购物车完成
2024-08-25 13:18:22 - INFO - Starting the registration process.
2024-08-25 13:18:36 - ERROR - An error occurred during registration: Message: 

2024-08-25 13:18:37 - INFO - abc
2024-08-25 13:18:37 - INFO - 账号 use21r1234@example.com 注册成功
2024-08-25 13:18:40 - INFO - abc
2024-08-25 13:18:58 - INFO - 账号 use21r1234@example.com 加入购物车完成
2024-08-25 13:19:05 - INFO - Starting the registration process.
2024-08-25 13:19:20 - INFO - u1s2er1233@example.com - 验证码输入成功
2024-08-25 13:19:21 - INFO - abc
2024-08-25 13:19:21 - INFO - 账号 u1s2er1233@example.com 注册成功
2024-08-25 13:19:23 - INFO - abc
2024-08-25 13:19:38 - INFO - 账号 u1s2er1233@example.com 加入购物车完成
2024-08-25 13:19:43 - INFO - Starting the registration process.
2024-08-25 13:27:46 - INFO - 自动加载了 5 个账号
2024-08-25 13:27:46 - INFO - 自动加载了 2 个代理
2024-08-25 13:27:46 - INFO - 自动加载了 2 个商品链接
2024-08-25 13:28:01 - INFO - 自动加载了 5 个账号
2024-08-25 13:28:01 - INFO - 自动加载了 2 个代理
2024-08-25 13:28:01 - INFO - 自动加载了 2 个商品链接
2024-08-25 13:28:03 - INFO - 注册线程启动...
2024-08-25 13:28:03 - INFO - 找到 5 个未注册账号
2024-08-25 13:28:06 - INFO - Starting the registration process.
2024-08-25 13:28:13 - ERROR - An error occurred during registration: Message: no such window: target window already closed
from unknown error: web view not found
  (Session info: chrome=126.0.6478.164)
Stacktrace:
	GetHandleVerifier [0x0081FD33+27651]
	(No symbol) [0x007B5554]
	(No symbol) [0x006B1ADF]
	(No symbol) [0x0068E483]
	(No symbol) [0x00719FCF]
	(No symbol) [0x0072C336]
	(No symbol) [0x007136A6]
	(No symbol) [0x006E74E1]
	(No symbol) [0x006E805D]
	GetHandleVerifier [0x00AD6613+2872547]
	GetHandleVerifier [0x00B2BADD+3221933]
	GetHandleVerifier [0x008A2A94+563556]
	GetHandleVerifier [0x008A9DCC+593052]
	(No symbol) [0x007BE3A4]
	(No symbol) [0x007BAE08]
	(No symbol) [0x007BAFA7]
	(No symbol) [0x007AD0AE]
	BaseThreadInitThunk [0x76907BA9+25]
	RtlInitializeExceptionChain [0x7771C10B+107]
	RtlClearBits [0x7771C08F+191]

2024-08-25 13:28:14 - INFO - abc
2024-08-25 13:28:14 - INFO - 账号 us1e4r122@example.com 注册成功
2024-08-25 13:28:21 - INFO - Starting the registration process.
2024-08-25 13:28:35 - ERROR - An error occurred during registration: Message: 

2024-08-25 13:28:36 - INFO - abc
2024-08-25 13:28:36 - INFO - 账号 u1s2e4r121@example.com 注册成功
2024-08-25 13:28:38 - INFO - abc
2024-08-25 13:28:58 - INFO - 账号 u1s2e4r121@example.com 加入购物车完成
2024-08-25 13:29:03 - INFO - Starting the registration process.
2024-08-25 13:29:18 - ERROR - An error occurred during registration: Message: 

2024-08-25 13:29:19 - INFO - abc
2024-08-25 13:29:19 - INFO - 账号 u1s24e123r5@example.com 注册成功
2024-08-25 13:29:22 - INFO - abc
2024-08-25 13:29:49 - INFO - Starting the registration process.
2024-08-25 13:30:03 - ERROR - An error occurred during registration: Message: 

2024-08-25 13:30:04 - INFO - abc
2024-08-25 13:30:04 - INFO - 账号 u1s24er1233@example.com 注册成功
2024-08-25 13:30:08 - INFO - abc
2024-08-25 13:30:38 - INFO - Starting the registration process.
2024-08-25 13:30:52 - ERROR - An error occurred during registration: Message: 

2024-08-25 13:30:53 - INFO - abc
2024-08-25 13:30:53 - INFO - 账号 use214r1234@example.com 注册成功
2024-08-25 13:30:57 - INFO - abc
2024-08-25 13:31:25 - INFO - 所有账号注册完成
2024-08-25 13:31:29 - INFO - 账号配置文件已保存
2024-08-25 13:31:29 - INFO - 代理配置文件已保存
2024-08-25 13:31:29 - INFO - 商品链接配置文件已保存
2024-08-25 13:31:29 - INFO - 自动加载了 5 个账号
2024-08-25 13:31:29 - INFO - 自动加载了 2 个代理
2024-08-25 13:31:29 - INFO - 自动加载了 2 个商品链接
2024-08-25 13:38:06 - INFO - 自动加载了 5 个账号
2024-08-25 13:38:06 - INFO - 自动加载了 2 个代理
2024-08-25 13:38:06 - INFO - 自动加载了 2 个商品链接
2024-08-25 13:38:08 - INFO - 注册线程启动...
2024-08-25 13:38:08 - INFO - 找到 0 个未注册账号
2024-08-25 13:38:08 - INFO - 所有账号注册完成
2024-08-25 13:38:08 - INFO - 账号配置文件已保存
2024-08-25 13:38:08 - INFO - 代理配置文件已保存
2024-08-25 13:38:08 - INFO - 商品链接配置文件已保存
2024-08-25 13:38:08 - INFO - 自动加载了 5 个账号
2024-08-25 13:38:08 - INFO - 自动加载了 2 个代理
2024-08-25 13:38:08 - INFO - 自动加载了 2 个商品链接
2024-08-25 13:38:31 - INFO - 自动加载了 5 个账号
2024-08-25 13:38:31 - INFO - 自动加载了 2 个代理
2024-08-25 13:38:31 - INFO - 自动加载了 2 个商品链接
2024-08-25 13:38:33 - INFO - 注册线程启动...
2024-08-25 13:38:33 - INFO - 找到 5 个未注册账号
2024-08-25 13:38:39 - INFO - Starting the registration process.
2024-08-25 13:38:56 - INFO - u1s2e4r121@example.com - 验证码输入失败。Error: Message: 
Stacktrace:
	GetHandleVerifier [0x0081FD33+27651]
	(No symbol) [0x007B5554]
	(No symbol) [0x006B1ADF]
	(No symbol) [0x006F2BFE]
	(No symbol) [0x006F2CDB]
	(No symbol) [0x0072EBD2]
	(No symbol) [0x00713954]
	(No symbol) [0x0072CA7D]
	(No symbol) [0x007136A6]
	(No symbol) [0x006E74E1]
	(No symbol) [0x006E805D]
	GetHandleVerifier [0x00AD6613+2872547]
	GetHandleVerifier [0x00B2BADD+3221933]
	GetHandleVerifier [0x008A2A94+563556]
	GetHandleVerifier [0x008A9DCC+593052]
	(No symbol) [0x007BE3A4]
	(No symbol) [0x007BAE08]
	(No symbol) [0x007BAFA7]
	(No symbol) [0x007AD0AE]
	BaseThreadInitThunk [0x76907BA9+25]
	RtlInitializeExceptionChain [0x7771C10B+107]
	RtlClearBits [0x7771C08F+191]

2024-08-25 13:38:57 - INFO - abc
2024-08-25 13:38:57 - INFO - 账号 u1s2e4r121@example.com 注册成功
2024-08-25 13:39:01 - INFO - abc
2024-08-25 13:39:22 - INFO - https://www.g2a.com/payment/checkout/checkout/082024/43d66fd6-3271-48e3-87ed-588231d2c78f - 获取到的支付页面 URL: https://www.g2a.com/payment/checkout/checkout/082024/43d66fd6-3271-48e3-87ed-588231d2c78f
2024-08-25 13:39:24 - INFO - 账号 u1s2e4r121@example.com 加入购物车完成
2024-08-25 13:39:30 - INFO - Starting the registration process.
2024-08-25 13:52:57 - INFO - 自动加载了 5 个账号
2024-08-25 13:52:57 - INFO - 自动加载了 2 个代理
2024-08-25 13:52:57 - INFO - 自动加载了 2 个商品链接
2024-08-25 13:53:05 - INFO - 注册线程启动...
2024-08-25 13:53:05 - INFO - 找到 5 个未注册账号
2024-08-25 13:53:07 - INFO - 获取银行卡信息失败
2024-08-25 13:53:07 - INFO - 线程2 - 获取银行卡信息失败
2024-08-25 13:53:08 - INFO - 获取银行卡信息失败
2024-08-25 13:53:08 - INFO - 线程3 - 获取银行卡信息失败
2024-08-25 13:53:08 - INFO - 获取银行卡信息失败
2024-08-25 13:53:08 - INFO - 线程4 - 获取银行卡信息失败
2024-08-25 13:53:09 - INFO - 获取银行卡信息失败
2024-08-25 13:53:09 - INFO - 线程5 - 获取银行卡信息失败
2024-08-25 13:53:11 - INFO - Starting the registration process.
2024-08-25 13:53:27 - INFO - u1s2e4r121@example.com - 验证码输入失败。Error: Message: 
Stacktrace:
	GetHandleVerifier [0x0081FD33+27651]
	(No symbol) [0x007B5554]
	(No symbol) [0x006B1ADF]
	(No symbol) [0x006F2BFE]
	(No symbol) [0x006F2CDB]
	(No symbol) [0x0072EBD2]
	(No symbol) [0x00713954]
	(No symbol) [0x0072CA7D]
	(No symbol) [0x007136A6]
	(No symbol) [0x006E74E1]
	(No symbol) [0x006E805D]
	GetHandleVerifier [0x00AD6613+2872547]
	GetHandleVerifier [0x00B2BADD+3221933]
	GetHandleVerifier [0x008A2A94+563556]
	GetHandleVerifier [0x008A9DCC+593052]
	(No symbol) [0x007BE3A4]
	(No symbol) [0x007BAE08]
	(No symbol) [0x007BAFA7]
	(No symbol) [0x007AD0AE]
	BaseThreadInitThunk [0x76907BA9+25]
	RtlInitializeExceptionChain [0x7771C10B+107]
	RtlClearBits [0x7771C08F+191]

2024-08-25 13:53:28 - INFO - abc
2024-08-25 13:53:28 - INFO - 账号 u1s2e4r121@example.com 注册成功
2024-08-25 13:53:31 - INFO - abc
2024-08-25 13:53:51 - INFO - https://www.g2a.com/payment/checkout/checkout/082024/2699792a-ea25-41ed-bf4e-0d7cff0b7cef - 获取到的支付页面 URL: https://www.g2a.com/payment/checkout/checkout/082024/2699792a-ea25-41ed-bf4e-0d7cff0b7cef
2024-08-25 13:53:54 - INFO - 支付表单已提交
2024-08-25 13:53:54 - INFO - 账号 u1s2e4r121@example.com 加入购物车完成
2024-08-25 13:54:00 - INFO - 所有账号注册完成
2024-08-25 13:54:00 - INFO - 账号配置文件已保存
2024-08-25 13:54:00 - INFO - 代理配置文件已保存
2024-08-25 13:54:00 - INFO - 商品链接配置文件已保存
2024-08-25 13:54:00 - INFO - 自动加载了 5 个账号
2024-08-25 13:54:00 - INFO - 自动加载了 2 个代理
2024-08-25 13:54:00 - INFO - 自动加载了 2 个商品链接
2024-08-25 14:37:01 - INFO - 自动加载了 5 个账号
2024-08-25 14:37:01 - INFO - 自动加载了 2 个代理
2024-08-25 14:37:01 - INFO - 自动加载了 2 个商品链接
2024-08-25 14:37:24 - INFO - 账号配置文件已保存
2024-08-25 14:37:24 - INFO - 代理配置文件已保存
2024-08-25 14:37:24 - INFO - 商品链接配置文件已保存
2024-08-25 14:37:42 - INFO - 账号配置文件已保存
2024-08-25 14:37:42 - INFO - 代理配置文件已保存
2024-08-25 14:37:42 - INFO - 商品链接配置文件已保存
2024-08-25 14:37:42 - INFO - 删除了表格中的一行并已保存
2024-08-25 14:37:44 - INFO - 账号配置文件已保存
2024-08-25 14:37:44 - INFO - 代理配置文件已保存
2024-08-25 14:37:44 - INFO - 商品链接配置文件已保存
2024-08-25 14:37:44 - INFO - 删除了表格中的一行并已保存
2024-08-25 14:37:46 - INFO - 账号配置文件已保存
2024-08-25 14:37:46 - INFO - 代理配置文件已保存
2024-08-25 14:37:46 - INFO - 商品链接配置文件已保存
2024-08-25 14:37:46 - INFO - 删除了表格中的一行并已保存
2024-08-25 14:37:47 - INFO - 账号配置文件已保存
2024-08-25 14:37:47 - INFO - 代理配置文件已保存
2024-08-25 14:37:47 - INFO - 商品链接配置文件已保存
2024-08-25 14:37:47 - INFO - 删除了表格中的一行并已保存
2024-08-25 14:37:48 - INFO - 账号配置文件已保存
2024-08-25 14:37:48 - INFO - 代理配置文件已保存
2024-08-25 14:37:48 - INFO - 商品链接配置文件已保存
2024-08-25 14:37:48 - INFO - 删除了表格中的一行并已保存
2024-08-25 14:38:20 - INFO - 自动加载了 1 个账号
2024-08-25 14:38:20 - INFO - 自动加载了 2 个代理
2024-08-25 14:38:20 - INFO - 自动加载了 2 个商品链接
2024-08-25 14:38:23 - INFO - 注册线程启动...
2024-08-25 14:38:23 - INFO - 找到 1 个未注册账号
2024-08-25 14:38:24 - INFO - 获取银行卡信息失败
2024-08-25 14:38:24 - INFO - 线程1 - 获取银行卡信息失败
2024-08-25 14:38:24 - INFO - 所有账号注册完成
2024-08-25 14:38:24 - INFO - 账号配置文件已保存
2024-08-25 14:38:24 - INFO - 代理配置文件已保存
2024-08-25 14:38:24 - INFO - 商品链接配置文件已保存
2024-08-25 14:38:24 - INFO - 自动加载了 1 个账号
2024-08-25 14:38:24 - INFO - 自动加载了 2 个代理
2024-08-25 14:38:24 - INFO - 自动加载了 2 个商品链接
2024-08-25 14:38:36 - INFO - 自动加载了 1 个账号
2024-08-25 14:38:36 - INFO - 自动加载了 2 个代理
2024-08-25 14:38:36 - INFO - 自动加载了 2 个商品链接
2024-08-25 14:38:38 - INFO - 注册线程启动...
2024-08-25 14:38:38 - INFO - 找到 1 个未注册账号
2024-08-25 14:38:39 - INFO - 获取银行卡信息失败
2024-08-25 14:38:39 - INFO - 线程1 - 获取银行卡信息失败
2024-08-25 14:38:39 - INFO - 所有账号注册完成
2024-08-25 14:38:39 - INFO - 账号配置文件已保存
2024-08-25 14:38:39 - INFO - 代理配置文件已保存
2024-08-25 14:38:39 - INFO - 商品链接配置文件已保存
2024-08-25 14:38:39 - INFO - 自动加载了 1 个账号
2024-08-25 14:38:39 - INFO - 自动加载了 2 个代理
2024-08-25 14:38:39 - INFO - 自动加载了 2 个商品链接
2024-08-25 14:40:20 - INFO - 注册线程启动...
2024-08-25 14:40:20 - INFO - 找到 1 个未注册账号
2024-08-25 14:40:21 - INFO - 获取银行卡信息失败
2024-08-25 14:40:21 - INFO - 线程1 - 获取银行卡信息失败
2024-08-25 14:40:21 - INFO - 所有账号注册完成
2024-08-25 14:40:21 - INFO - 账号配置文件已保存
2024-08-25 14:40:21 - INFO - 代理配置文件已保存
2024-08-25 14:40:21 - INFO - 商品链接配置文件已保存
2024-08-25 14:40:21 - INFO - 自动加载了 1 个账号
2024-08-25 14:40:21 - INFO - 自动加载了 2 个代理
2024-08-25 14:40:21 - INFO - 自动加载了 2 个商品链接
2024-08-25 14:40:25 - INFO - 注册线程启动...
2024-08-25 14:40:25 - INFO - 找到 1 个未注册账号
2024-08-25 14:40:26 - INFO - 获取银行卡信息失败
2024-08-25 14:40:26 - INFO - 线程1 - 获取银行卡信息失败
2024-08-25 14:40:26 - INFO - 所有账号注册完成
2024-08-25 14:40:26 - INFO - 账号配置文件已保存
2024-08-25 14:40:26 - INFO - 代理配置文件已保存
2024-08-25 14:40:26 - INFO - 商品链接配置文件已保存
2024-08-25 14:40:26 - INFO - 自动加载了 1 个账号
2024-08-25 14:40:26 - INFO - 自动加载了 2 个代理
2024-08-25 14:40:26 - INFO - 自动加载了 2 个商品链接
2024-08-25 14:40:40 - INFO - 注册线程启动...
2024-08-25 14:40:40 - INFO - 找到 1 个未注册账号
2024-08-25 14:40:41 - INFO - 获取银行卡信息失败
2024-08-25 14:40:41 - INFO - 线程1 - 获取银行卡信息失败
2024-08-25 14:40:41 - INFO - 所有账号注册完成
2024-08-25 14:40:41 - INFO - 账号配置文件已保存
2024-08-25 14:40:41 - INFO - 代理配置文件已保存
2024-08-25 14:40:41 - INFO - 商品链接配置文件已保存
2024-08-25 14:40:48 - INFO - 自动加载了 1 个账号
2024-08-25 14:40:51 - INFO - 自动加载了 2 个代理
2024-08-25 14:40:55 - INFO - 自动加载了 2 个商品链接
2024-08-25 14:41:29 - INFO - 注册线程启动...
2024-08-25 14:41:29 - INFO - 找到 1 个未注册账号
2024-08-25 14:41:30 - INFO - 获取银行卡信息失败
2024-08-25 14:41:30 - INFO - 线程1 - 获取银行卡信息失败
2024-08-25 14:41:30 - INFO - 所有账号注册完成
2024-08-25 14:41:30 - INFO - 账号配置文件已保存
2024-08-25 14:41:30 - INFO - 代理配置文件已保存
2024-08-25 14:41:30 - INFO - 商品链接配置文件已保存
2024-08-25 14:41:35 - INFO - 自动加载了 1 个账号
2024-08-25 14:41:37 - INFO - 自动加载了 2 个代理
2024-08-25 14:41:40 - INFO - 自动加载了 2 个商品链接
2024-08-25 14:43:15 - INFO - 注册线程启动...
2024-08-25 14:43:15 - INFO - 找到 1 个未注册账号
2024-08-25 14:43:15 - INFO - 获取银行卡信息失败
2024-08-25 14:43:15 - INFO - 线程1 - 获取银行卡信息失败
2024-08-25 14:43:15 - INFO - 所有账号注册完成
2024-08-25 14:43:15 - INFO - 账号配置文件已保存
2024-08-25 14:43:15 - INFO - 代理配置文件已保存
2024-08-25 14:43:15 - INFO - 商品链接配置文件已保存
2024-08-25 14:43:43 - INFO - 自动加载了 1 个账号
2024-08-25 14:43:43 - INFO - 自动加载了 2 个代理
2024-08-25 14:43:43 - INFO - 自动加载了 2 个商品链接
2024-08-25 14:43:58 - INFO - 注册线程启动...
2024-08-25 14:43:58 - INFO - 找到 1 个未注册账号
2024-08-25 14:43:59 - INFO - 获取银行卡信息失败
2024-08-25 14:43:59 - INFO - 线程1 - 获取银行卡信息失败
2024-08-25 14:43:59 - INFO - 所有账号注册完成
2024-08-25 14:43:59 - INFO - 账号配置文件已保存
2024-08-25 14:43:59 - INFO - 代理配置文件已保存
2024-08-25 14:43:59 - INFO - 商品链接配置文件已保存
2024-08-25 14:44:06 - INFO - 自动加载了 1 个账号
2024-08-25 14:44:06 - INFO - 自动加载了 2 个代理
2024-08-25 14:44:06 - INFO - 自动加载了 2 个商品链接
2024-08-25 14:46:23 - INFO - 自动加载了 1 个账号
2024-08-25 14:46:23 - INFO - 自动加载了 2 个代理
2024-08-25 14:46:23 - INFO - 自动加载了 2 个商品链接
2024-08-25 14:46:27 - INFO - 注册线程启动...
2024-08-25 14:46:27 - INFO - 找到 1 个未注册账号
2024-08-25 14:46:28 - INFO - 获取银行卡信息失败
2024-08-25 14:46:28 - INFO - 线程1 - 获取银行卡信息失败
2024-08-25 14:46:28 - INFO - 所有账号注册完成
2024-08-25 14:46:28 - INFO - 账号配置文件已保存
2024-08-25 14:46:28 - INFO - 代理配置文件已保存
2024-08-25 14:46:28 - INFO - 商品链接配置文件已保存
2024-08-25 14:46:28 - INFO - 自动加载了 1 个账号
2024-08-25 14:46:28 - INFO - 自动加载了 2 个代理
2024-08-25 14:46:28 - INFO - 自动加载了 2 个商品链接
2024-08-25 14:51:31 - INFO - 注册线程启动...
2024-08-25 14:51:31 - INFO - 找到 1 个未注册账号
2024-08-25 14:51:38 - INFO - Starting the registration process.
2024-08-25 14:51:52 - INFO - nal167@gmall1.com - 验证码输入成功
2024-08-25 14:51:53 - INFO - abc
2024-08-25 14:51:53 - INFO - 账号 nal167@gmall1.com 注册成功
2024-08-25 14:51:56 - INFO - abc
2024-08-25 14:52:17 - INFO - https://www.g2a.com/payment/checkout/checkout/082024/1573b195-d70a-4c90-b3fb-0f07dc33d009 - 获取到的支付页面 URL: https://www.g2a.com/payment/checkout/checkout/082024/1573b195-d70a-4c90-b3fb-0f07dc33d009
2024-08-25 14:52:21 - INFO - 支付表单已提交
2024-08-25 14:52:21 - INFO - 账号 nal167@gmall1.com 加入购物车完成
2024-08-25 14:52:27 - INFO - 所有账号注册完成
2024-08-25 14:52:27 - INFO - 账号配置文件已保存
2024-08-25 14:52:27 - INFO - 代理配置文件已保存
2024-08-25 14:52:27 - INFO - 商品链接配置文件已保存
2024-08-25 14:52:27 - INFO - 自动加载了 1 个账号
2024-08-25 14:52:27 - INFO - 自动加载了 2 个代理
2024-08-25 14:52:27 - INFO - 自动加载了 2 个商品链接
2024-08-25 14:53:53 - INFO - 自动加载了 1 个账号
2024-08-25 14:53:53 - INFO - 自动加载了 2 个代理
2024-08-25 14:53:53 - INFO - 自动加载了 2 个商品链接
2024-08-25 14:54:29 - INFO - 注册线程启动...
2024-08-25 14:54:29 - INFO - 找到 1 个未注册账号
2024-08-25 14:54:35 - INFO - Starting the registration process.
2024-08-25 14:54:46 - ERROR - An error occurred during registration: Message: 
Stacktrace:
	GetHandleVerifier [0x0081FD33+27651]
	(No symbol) [0x007B5554]
	(No symbol) [0x006B1ADF]
	(No symbol) [0x006F2BFE]
	(No symbol) [0x006F2CDB]
	(No symbol) [0x0072EBD2]
	(No symbol) [0x00713954]
	(No symbol) [0x0072CA7D]
	(No symbol) [0x007136A6]
	(No symbol) [0x006E74E1]
	(No symbol) [0x006E805D]
	GetHandleVerifier [0x00AD6613+2872547]
	GetHandleVerifier [0x00B2BADD+3221933]
	GetHandleVerifier [0x008A2A94+563556]
	GetHandleVerifier [0x008A9DCC+593052]
	(No symbol) [0x007BE3A4]
	(No symbol) [0x007BAE08]
	(No symbol) [0x007BAFA7]
	(No symbol) [0x007AD0AE]
	BaseThreadInitThunk [0x76907BA9+25]
	RtlInitializeExceptionChain [0x7771C10B+107]
	RtlClearBits [0x7771C08F+191]

2024-08-25 14:54:47 - INFO - abc
2024-08-25 14:54:47 - INFO - 账号 deq527@gmall1.com 注册成功
2024-08-25 14:54:49 - INFO - abc
2024-08-25 14:55:01 - INFO - 所有账号注册完成
2024-08-25 14:55:01 - INFO - 账号配置文件已保存
2024-08-25 14:55:01 - INFO - 代理配置文件已保存
2024-08-25 14:55:01 - INFO - 商品链接配置文件已保存
2024-08-25 14:55:01 - INFO - 自动加载了 1 个账号
2024-08-25 14:55:01 - INFO - 自动加载了 2 个代理
2024-08-25 14:55:01 - INFO - 自动加载了 2 个商品链接
2024-08-25 14:55:56 - INFO - 注册线程启动...
2024-08-25 14:55:56 - INFO - 找到 0 个未注册账号
2024-08-25 14:55:56 - INFO - 所有账号注册完成
2024-08-25 14:55:56 - INFO - 账号配置文件已保存
2024-08-25 14:55:56 - INFO - 代理配置文件已保存
2024-08-25 14:55:56 - INFO - 商品链接配置文件已保存
2024-08-25 14:55:56 - INFO - 自动加载了 1 个账号
2024-08-25 14:55:56 - INFO - 自动加载了 2 个代理
2024-08-25 14:55:56 - INFO - 自动加载了 2 个商品链接
2024-08-25 14:56:19 - INFO - 账号配置文件已保存
2024-08-25 14:56:19 - INFO - 代理配置文件已保存
2024-08-25 14:56:19 - INFO - 商品链接配置文件已保存
2024-08-25 14:56:19 - INFO - 修改了表格中的一个单元格并已保存
2024-08-25 14:57:27 - INFO - 注册线程启动...
2024-08-25 14:57:27 - INFO - 找到 1 个未注册账号
2024-08-25 14:57:32 - INFO - Starting the registration process.
2024-08-25 14:58:01 - INFO - deq527@gmall1.com - 验证码输入失败。Error: string index out of range
2024-08-25 14:58:02 - INFO - abc
2024-08-25 14:58:02 - INFO - 账号 deq527@gmall1.com 注册成功
2024-08-25 14:58:06 - INFO - abc
2024-08-25 14:58:20 - INFO - 所有账号注册完成
2024-08-25 14:58:20 - INFO - 账号配置文件已保存
2024-08-25 14:58:20 - INFO - 代理配置文件已保存
2024-08-25 14:58:20 - INFO - 商品链接配置文件已保存
2024-08-25 14:58:20 - INFO - 自动加载了 1 个账号
2024-08-25 14:58:20 - INFO - 自动加载了 2 个代理
2024-08-25 14:58:20 - INFO - 自动加载了 2 个商品链接
2024-08-25 14:59:42 - INFO - 自动加载了 1 个账号
2024-08-25 14:59:42 - INFO - 自动加载了 2 个代理
2024-08-25 14:59:42 - INFO - 自动加载了 2 个商品链接
2024-08-25 15:00:19 - INFO - 账号配置文件已保存
2024-08-25 15:00:19 - INFO - 代理配置文件已保存
2024-08-25 15:00:19 - INFO - 商品链接配置文件已保存
2024-08-25 15:00:19 - INFO - 修改了表格中的一个单元格并已保存
2024-08-25 15:00:42 - INFO - 注册线程启动...
2024-08-25 15:00:42 - INFO - 找到 1 个未注册账号
2024-08-25 15:00:48 - INFO - Starting the registration process.
2024-08-25 15:02:07 - INFO - 自动加载了 1 个账号
2024-08-25 15:02:07 - INFO - 自动加载了 2 个代理
2024-08-25 15:02:07 - INFO - 自动加载了 2 个商品链接
2024-08-25 15:02:31 - INFO - 注册线程启动...
2024-08-25 15:02:31 - INFO - 找到 1 个未注册账号
2024-08-25 15:02:38 - INFO - Starting the registration process.
2024-08-25 15:03:45 - INFO - 自动加载了 1 个账号
2024-08-25 15:03:45 - INFO - 自动加载了 2 个代理
2024-08-25 15:03:45 - INFO - 自动加载了 2 个商品链接
2024-08-25 15:04:07 - INFO - 自动加载了 1 个账号
2024-08-25 15:04:07 - INFO - 自动加载了 2 个代理
2024-08-25 15:04:07 - INFO - 自动加载了 2 个商品链接
2024-08-25 15:04:12 - INFO - 注册线程启动...
2024-08-25 15:04:12 - INFO - 找到 1 个未注册账号
2024-08-25 15:04:13 - INFO - 获取银行卡信息失败
2024-08-25 15:04:13 - INFO - 线程1 - 获取银行卡信息失败
2024-08-25 15:04:13 - INFO - 所有账号注册完成
2024-08-25 15:04:13 - INFO - 账号配置文件已保存
2024-08-25 15:04:13 - INFO - 代理配置文件已保存
2024-08-25 15:04:13 - INFO - 商品链接配置文件已保存
2024-08-25 15:04:13 - INFO - 自动加载了 1 个账号
2024-08-25 15:04:13 - INFO - 自动加载了 2 个代理
2024-08-25 15:04:13 - INFO - 自动加载了 2 个商品链接
2024-08-25 15:05:38 - INFO - 自动加载了 1 个账号
2024-08-25 15:05:38 - INFO - 自动加载了 2 个代理
2024-08-25 15:05:38 - INFO - 自动加载了 2 个商品链接
2024-08-25 15:05:43 - INFO - 注册线程启动...
2024-08-25 15:05:43 - INFO - 找到 1 个未注册账号
2024-08-25 15:05:48 - INFO - Starting the registration process.
2024-08-25 15:06:00 - INFO - don145@gmall1.com - 验证码输入成功
2024-08-25 15:06:01 - INFO - abc
2024-08-25 15:06:01 - INFO - 账号 don145@gmall1.com 注册成功
2024-08-25 15:06:04 - INFO - abc
2024-08-25 15:06:28 - INFO - https://www.g2a.com/payment/checkout/checkout/082024/fc3283ea-a944-4f76-8193-efacdcbc1411 - 获取到的支付页面 URL: https://www.g2a.com/payment/checkout/checkout/082024/fc3283ea-a944-4f76-8193-efacdcbc1411
2024-08-25 15:06:32 - INFO - 支付表单已提交
2024-08-25 15:06:32 - INFO - 账号 don145@gmall1.com 加入购物车完成
2024-08-25 15:06:38 - INFO - 所有账号注册完成
2024-08-25 15:06:38 - INFO - 账号配置文件已保存
2024-08-25 15:06:38 - INFO - 代理配置文件已保存
2024-08-25 15:06:38 - INFO - 商品链接配置文件已保存
2024-08-25 15:06:38 - INFO - 自动加载了 1 个账号
2024-08-25 15:06:38 - INFO - 自动加载了 2 个代理
2024-08-25 15:06:38 - INFO - 自动加载了 2 个商品链接
